Using pre-set license
Built from '2022.3/staging' branch; Version is '2022.3.17f1 (4fc78088f837) revision 5228416'; Using compiler version '192829333'; Build Type 'Release'
OS: 'Windows 11  (10.0.22631) 64bit Professional' Language: 'en' Physical Memory: 32509 MB
BatchMode: 1, IsHumanControllingUs: 0, StartBugReporterOnCrash: 0, Is64bit: 1, IsPro: 1

COMMAND LINE ARGUMENTS:
C:\Program Files\Unity\Hub\Editor\2022.3.17f1\Editor\Unity.exe
-adb2
-batchMode
-noUpm
-name
AssetImportWorker4
-projectPath
C:/Users/ebenm/Documents/GitHub/Game_Jam_Group4/(Working Title) Group 4 game
-logFile
Logs/AssetImportWorker4.log
-srvPort
49765
Successfully changed project path to: C:/Users/ebenm/Documents/GitHub/Game_Jam_Group4/(Working Title) Group 4 game
C:/Users/ebenm/Documents/GitHub/Game_Jam_Group4/(Working Title) Group 4 game
[UnityMemory] Configuration Parameters - Can be set up in boot.config
    "memorysetup-bucket-allocator-granularity=16"
    "memorysetup-bucket-allocator-bucket-count=8"
    "memorysetup-bucket-allocator-block-size=33554432"
    "memorysetup-bucket-allocator-block-count=8"
    "memorysetup-main-allocator-block-size=16777216"
    "memorysetup-thread-allocator-block-size=16777216"
    "memorysetup-gfx-main-allocator-block-size=16777216"
    "memorysetup-gfx-thread-allocator-block-size=16777216"
    "memorysetup-cache-allocator-block-size=4194304"
    "memorysetup-typetree-allocator-block-size=2097152"
    "memorysetup-profiler-bucket-allocator-granularity=16"
    "memorysetup-profiler-bucket-allocator-bucket-count=8"
    "memorysetup-profiler-bucket-allocator-block-size=33554432"
    "memorysetup-profiler-bucket-allocator-block-count=8"
    "memorysetup-profiler-allocator-block-size=16777216"
    "memorysetup-profiler-editor-allocator-block-size=1048576"
    "memorysetup-temp-allocator-size-main=16777216"
    "memorysetup-job-temp-allocator-block-size=2097152"
    "memorysetup-job-temp-allocator-block-size-background=1048576"
    "memorysetup-job-temp-allocator-reduction-small-platforms=262144"
    "memorysetup-allocator-temp-initial-block-size-main=262144"
    "memorysetup-allocator-temp-initial-block-size-worker=262144"
    "memorysetup-temp-allocator-size-background-worker=32768"
    "memorysetup-temp-allocator-size-job-worker=262144"
    "memorysetup-temp-allocator-size-preload-manager=33554432"
    "memorysetup-temp-allocator-size-nav-mesh-worker=65536"
    "memorysetup-temp-allocator-size-audio-worker=65536"
    "memorysetup-temp-allocator-size-cloud-worker=32768"
    "memorysetup-temp-allocator-size-gi-baking-worker=262144"
    "memorysetup-temp-allocator-size-gfx=262144"
Player connection [37360] Host "[IP] 192.168.68.125 [Port] 0 [Flags] 2 [Guid] 3057595895 [EditorId] 3057595895 [Version] 1048832 [Id] WindowsEditor(7,PC-1) [Debug] 1 [PackageName] WindowsEditor [ProjectName] Editor" joined multi-casting on [225.0.0.222:54997]...

Player connection [37360] Host "[IP] 192.168.68.125 [Port] 0 [Flags] 2 [Guid] 3057595895 [EditorId] 3057595895 [Version] 1048832 [Id] WindowsEditor(7,PC-1) [Debug] 1 [PackageName] WindowsEditor [ProjectName] Editor" joined alternative multi-casting on [225.0.0.222:34997]...

[Physics::Module] Initialized MultithreadedJobDispatcher with 19 workers.
Refreshing native plugins compatible for Editor in 5.99 ms, found 3 plugins.
Preloading 0 native plugins for Editor in 0.00 ms.
Initialize engine version: 2022.3.17f1 (4fc78088f837)
[Subsystems] Discovering subsystems at path C:/Program Files/Unity/Hub/Editor/2022.3.17f1/Editor/Data/Resources/UnitySubsystems
[Subsystems] Discovering subsystems at path C:/Users/ebenm/Documents/GitHub/Game_Jam_Group4/(Working Title) Group 4 game/Assets
GfxDevice: creating device client; threaded=0; jobified=0
Direct3D:
    Version:  Direct3D 11.0 [level 11.1]
    Renderer: NVIDIA GeForce RTX 4060 Ti (ID=0x2805)
    Vendor:   NVIDIA
    VRAM:     16109 MB
    Driver:   32.0.15.6081
Initialize mono
Mono path[0] = 'C:/Program Files/Unity/Hub/Editor/2022.3.17f1/Editor/Data/Managed'
Mono path[1] = 'C:/Program Files/Unity/Hub/Editor/2022.3.17f1/Editor/Data/MonoBleedingEdge/lib/mono/unityjit-win32'
Mono config path = 'C:/Program Files/Unity/Hub/Editor/2022.3.17f1/Editor/Data/MonoBleedingEdge/etc'
Using monoOptions --debugger-agent=transport=dt_socket,embedding=1,server=y,suspend=n,address=127.0.0.1:56260
Begin MonoManager ReloadAssembly
Registering precompiled unity dll's ...
Register platform support module: C:/Program Files/Unity/Hub/Editor/2022.3.17f1/Editor/Data/PlaybackEngines/WindowsStandaloneSupport/UnityEditor.WindowsStandalone.Extensions.dll
Registered in 0.005389 seconds.
- Loaded All Assemblies, in  0.423 seconds
Native extension for WindowsStandalone target not found
Mono: successfully reloaded assembly
- Finished resetting the current domain, in  0.211 seconds
Domain Reload Profiling: 633ms
	BeginReloadAssembly (169ms)
		ExecutionOrderSort (0ms)
		DisableScriptedObjects (0ms)
		BackupInstance (0ms)
		ReleaseScriptingObjects (0ms)
		CreateAndSetChildDomain (1ms)
	RebuildCommonClasses (35ms)
	RebuildNativeTypeToScriptingClass (8ms)
	initialDomainReloadingComplete (48ms)
	LoadAllAssembliesAndSetupDomain (161ms)
		LoadAssemblies (168ms)
		RebuildTransferFunctionScriptingTraits (0ms)
		AnalyzeDomain (159ms)
			TypeCache.Refresh (158ms)
				TypeCache.ScanAssembly (140ms)
			ScanForSourceGeneratedMonoScriptInfo (0ms)
			ResolveRequiredComponents (0ms)
	FinalizeReload (212ms)
		ReleaseScriptCaches (0ms)
		RebuildScriptCaches (0ms)
		SetupLoadedEditorAssemblies (169ms)
			LogAssemblyErrors (0ms)
			InitializePlatformSupportModulesInManaged (6ms)
			SetLoadedEditorAssemblies (6ms)
			RefreshPlugins (0ms)
			BeforeProcessingInitializeOnLoad (2ms)
			ProcessInitializeOnLoadAttributes (113ms)
			ProcessInitializeOnLoadMethodAttributes (42ms)
			AfterProcessingInitializeOnLoad (0ms)
			EditorAssembliesLoaded (0ms)
		ExecutionOrderSort2 (0ms)
		AwakeInstancesAfterBackupRestoration (0ms)
========================================================================
Worker process is ready to serve import requests
Begin MonoManager ReloadAssembly
- Loaded All Assemblies, in  0.447 seconds
Refreshing native plugins compatible for Editor in 2.37 ms, found 3 plugins.
Native extension for WindowsStandalone target not found
Package Manager log level set to [2]
[Package Manager] Server::EnsureServerProcessIsRunning -- launch failed, reason: Unity was launched with the -noUpm command-line argument
[Package Manager] UpmClient::Send -- Unable to send message (not connected to UPM process).
[Package Manager] Cannot connect to Unity Package Manager local server
Mono: successfully reloaded assembly
- Finished resetting the current domain, in  0.519 seconds
Domain Reload Profiling: 964ms
	BeginReloadAssembly (102ms)
		ExecutionOrderSort (0ms)
		DisableScriptedObjects (4ms)
		BackupInstance (0ms)
		ReleaseScriptingObjects (0ms)
		CreateAndSetChildDomain (14ms)
	RebuildCommonClasses (22ms)
	RebuildNativeTypeToScriptingClass (7ms)
	initialDomainReloadingComplete (30ms)
	LoadAllAssembliesAndSetupDomain (284ms)
		LoadAssemblies (221ms)
		RebuildTransferFunctionScriptingTraits (0ms)
		AnalyzeDomain (123ms)
			TypeCache.Refresh (109ms)
				TypeCache.ScanAssembly (99ms)
			ScanForSourceGeneratedMonoScriptInfo (10ms)
			ResolveRequiredComponents (2ms)
	FinalizeReload (520ms)
		ReleaseScriptCaches (0ms)
		RebuildScriptCaches (0ms)
		SetupLoadedEditorAssemblies (414ms)
			LogAssemblyErrors (0ms)
			InitializePlatformSupportModulesInManaged (4ms)
			SetLoadedEditorAssemblies (3ms)
			RefreshPlugins (0ms)
			BeforeProcessingInitializeOnLoad (44ms)
			ProcessInitializeOnLoadAttributes (342ms)
			ProcessInitializeOnLoadMethodAttributes (16ms)
			AfterProcessingInitializeOnLoad (5ms)
			EditorAssembliesLoaded (0ms)
		ExecutionOrderSort2 (0ms)
		AwakeInstancesAfterBackupRestoration (5ms)
Launched and connected shader compiler UnityShaderCompiler.exe after 0.04 seconds
Refreshing native plugins compatible for Editor in 5.30 ms, found 3 plugins.
Preloading 0 native plugins for Editor in 0.00 ms.
Unloading 3092 Unused Serialized files (Serialized files now loaded: 0)
Unloading 32 unused Assets / (57.3 KB). Loaded Objects now: 3554.
Memory consumption went from 123.5 MB to 123.4 MB.
Total: 2.747200 ms (FindLiveObjects: 0.205900 ms CreateObjectMapping: 0.073700 ms MarkObjects: 2.349700 ms  DeleteObjects: 0.116600 ms)

AssetImportParameters requested are different than current active one (requested -> active):
  custom:container-demuxer-ogg: 62fdf1f143b41e24485cea50d1cbac27 -> 
  custom:video-codec-MediaFoundation-h265: 746d11721c4dcdbdad8f713fa42b33f4 -> 
  custom:video-decoder-ogg-theora: a1e56fd34408186e4bbccfd4996cb3dc -> 
  custom:framework-win-MediaFoundation: 216162199b28c13a410421893ffa2e32 -> 
  custom:CustomObjectIndexerAttribute: 6d391050e5a25f67b0a2c618074f2cd9 -> 
  custom:container-demuxer-webm: 4f35f7cbe854078d1ac9338744f61a02 -> 
  custom:container-muxer-webm: aa71ff27fc2769a1b78a27578f13a17b -> 
  custom:video-decoder-webm-vp8: 9c59270c3fd7afecdb556c50c9e8de78 -> 
  custom:SearchIndexIgnoredProperties: e643bd26f0fe6173181afceb89e7c659 -> 
  custom:AudioImporter_EditorPlatform: d09bf68614088b80899f8185d706f6e7 -> 
  custom:video-encoder-webm-vp8: eb34c28f22e8b96e1ab97ce403110664 -> 
  custom:audio-decoder-ogg-vorbis: bf7c407c2cedff20999df2af8eb42d56 -> 
  custom:audio-encoder-webm-vorbis: bf7c407c2cedff20999df2af8eb42d56 -> 
========================================================================
Received Import Request.
  Time since last request: 434868.306406 seconds.
  path: Assets/Materials/Textures/Monitor
  artifactKey: Guid(c4527d9886a948048b6ef11eb435c616) Importer(815301076,1909f56bfc062723c751e8b465ee728b)
Start importing Assets/Materials/Textures/Monitor using Guid(c4527d9886a948048b6ef11eb435c616) Importer(815301076,1909f56bfc062723c751e8b465ee728b)  -> (artifact id: '1c8031c8309521563b17560fb9088612') in 0.002106 seconds
Number of updated asset objects reloaded before import = 0
Number of asset objects unloaded after import = 0
========================================================================
Received Import Request.
  Time since last request: 0.091062 seconds.
  path: Assets/Materials/Textures/Monitor/Monitor_Mat_Monitor_BaseMap.png
  artifactKey: Guid(5b20e2a3ce740f141bddcc4bb62c1850) Importer(815301076,1909f56bfc062723c751e8b465ee728b)
Start importing Assets/Materials/Textures/Monitor/Monitor_Mat_Monitor_BaseMap.png using Guid(5b20e2a3ce740f141bddcc4bb62c1850) Importer(815301076,1909f56bfc062723c751e8b465ee728b)  -> (artifact id: '38a9b0af56ebd61808600687295379f9') in 0.057309 seconds
Number of updated asset objects reloaded before import = 0
Number of asset objects unloaded after import = 2
========================================================================
Received Import Request.
  Time since last request: 13.431382 seconds.
  path: Assets/Materials/Textures/Mouse/Mouse_Mat_Mouse_BaseMap.png
  artifactKey: Guid(a27a8acfa2b3b9945b3a8d5edd5fb653) Importer(815301076,1909f56bfc062723c751e8b465ee728b)
Start importing Assets/Materials/Textures/Mouse/Mouse_Mat_Mouse_BaseMap.png using Guid(a27a8acfa2b3b9945b3a8d5edd5fb653) Importer(815301076,1909f56bfc062723c751e8b465ee728b)  -> (artifact id: '414b7403620f33668abf6b0722bb6ca8') in 0.016534 seconds
Number of updated asset objects reloaded before import = 0
Number of asset objects unloaded after import = 2
========================================================================
Received Import Request.
  Time since last request: 0.428230 seconds.
  path: Assets/Materials/Textures/Mouse/Mouse_Mat_Mouse_Normal.png
  artifactKey: Guid(b2c4866256095ec4c91019ca970ba2d1) Importer(815301076,1909f56bfc062723c751e8b465ee728b)
Start importing Assets/Materials/Textures/Mouse/Mouse_Mat_Mouse_Normal.png using Guid(b2c4866256095ec4c91019ca970ba2d1) Importer(815301076,1909f56bfc062723c751e8b465ee728b)  -> (artifact id: '4dc33051972e0e456dacd1ea53a24e39') in 0.013432 seconds
Number of updated asset objects reloaded before import = 0
Number of asset objects unloaded after import = 2
========================================================================
Received Import Request.
  Time since last request: 0.022211 seconds.
  path: Assets/Materials/Textures/PC/PC_Mat_PC_MaskMap.png
  artifactKey: Guid(81d1e7897ff58e94bb27a00b5bb51a1f) Importer(815301076,1909f56bfc062723c751e8b465ee728b)
Start importing Assets/Materials/Textures/PC/PC_Mat_PC_MaskMap.png using Guid(81d1e7897ff58e94bb27a00b5bb51a1f) Importer(815301076,1909f56bfc062723c751e8b465ee728b)  -> (artifact id: 'f6170f3eda591bc545322d70e8d020f0') in 0.026228 seconds
Number of updated asset objects reloaded before import = 0
Number of asset objects unloaded after import = 2
========================================================================
Received Import Request.
  Time since last request: 21.380669 seconds.
  path: Assets/Materials/Textures/PC
  artifactKey: Guid(967170e2cdc02204ebdbc943f7234d3b) Importer(815301076,1909f56bfc062723c751e8b465ee728b)
Start importing Assets/Materials/Textures/PC using Guid(967170e2cdc02204ebdbc943f7234d3b) Importer(815301076,1909f56bfc062723c751e8b465ee728b)  -> (artifact id: 'f6156fba922cd0073cd6954daa4bc6f2') in 0.000414 seconds
Number of updated asset objects reloaded before import = 0
Number of asset objects unloaded after import = 0
========================================================================
Received Import Request.
  Time since last request: 267.725069 seconds.
  path: Assets/Textures/KeyBoard/KeyBoard_Keyboard_Normal.png
  artifactKey: Guid(a6c39801c9c3e6343a36d988ea561f49) Importer(815301076,1909f56bfc062723c751e8b465ee728b)
Start importing Assets/Textures/KeyBoard/KeyBoard_Keyboard_Normal.png using Guid(a6c39801c9c3e6343a36d988ea561f49) Importer(815301076,1909f56bfc062723c751e8b465ee728b)  -> (artifact id: 'aa5f632503af66b7c04e9a5cce5a4e85') in 0.035356 seconds
Number of updated asset objects reloaded before import = 0
Number of asset objects unloaded after import = 2
========================================================================
Received Import Request.
  Time since last request: 147.467030 seconds.
  path: Assets/Materials/Keys.mat
  artifactKey: Guid(d012ef8c1d82b564f93467c06730e1f2) Importer(815301076,1909f56bfc062723c751e8b465ee728b)
Start importing Assets/Materials/Keys.mat using Guid(d012ef8c1d82b564f93467c06730e1f2) Importer(815301076,1909f56bfc062723c751e8b465ee728b)  -> (artifact id: '1913e8af8094498a73ede97909a1bc98') in 0.039301 seconds
Number of updated asset objects reloaded before import = 0
Number of asset objects unloaded after import = 1
========================================================================
Received Import Request.
  Time since last request: 8.013621 seconds.
  path: Assets/Materials/Wire.mat
  artifactKey: Guid(e6ab8f9daf091ec48b08aa9c76572960) Importer(815301076,1909f56bfc062723c751e8b465ee728b)
Start importing Assets/Materials/Wire.mat using Guid(e6ab8f9daf091ec48b08aa9c76572960) Importer(815301076,1909f56bfc062723c751e8b465ee728b)  -> (artifact id: '0ddb8ede27f7c083f13a3f06f4f5f8cf') in 0.017528 seconds
Number of updated asset objects reloaded before import = 0
Number of asset objects unloaded after import = 1
========================================================================
Received Import Request.
  Time since last request: 49.132506 seconds.
  path: Assets/Textures/Monitor/Monitor_Mat_Monitor_Normal.png
  artifactKey: Guid(8581064f18ce8d742902865ead065546) Importer(815301076,1909f56bfc062723c751e8b465ee728b)
Start importing Assets/Textures/Monitor/Monitor_Mat_Monitor_Normal.png using Guid(8581064f18ce8d742902865ead065546) Importer(815301076,1909f56bfc062723c751e8b465ee728b)  -> (artifact id: 'f39257eed330b9bf25aab703da455a72') in 0.019972 seconds
Number of updated asset objects reloaded before import = 0
Number of asset objects unloaded after import = 2
========================================================================
Received Import Request.
  Time since last request: 76.675230 seconds.
  path: Assets/Textures/Mouse/Mouse_Mat_Mouse_Normal.png
  artifactKey: Guid(b2c4866256095ec4c91019ca970ba2d1) Importer(815301076,1909f56bfc062723c751e8b465ee728b)
Start importing Assets/Textures/Mouse/Mouse_Mat_Mouse_Normal.png using Guid(b2c4866256095ec4c91019ca970ba2d1) Importer(815301076,1909f56bfc062723c751e8b465ee728b)  -> (artifact id: '52aa1da7bb8b8572fc2b903fb7b01920') in 0.011688 seconds
Number of updated asset objects reloaded before import = 0
Number of asset objects unloaded after import = 2
========================================================================
Received Import Request.
  Time since last request: 22.654788 seconds.
  path: Assets/Textures/PC/PC_Mat_PC_Normal.png
  artifactKey: Guid(f0bd186a3b6e12946aaf42a7bd48d94d) Importer(815301076,1909f56bfc062723c751e8b465ee728b)
Start importing Assets/Textures/PC/PC_Mat_PC_Normal.png using Guid(f0bd186a3b6e12946aaf42a7bd48d94d) Importer(815301076,1909f56bfc062723c751e8b465ee728b)  -> (artifact id: '0c094028e6778acb590119243afcd4fc') in 0.017369 seconds
Number of updated asset objects reloaded before import = 0
Number of asset objects unloaded after import = 2
========================================================================
Received Import Request.
  Time since last request: 63.509644 seconds.
  path: Assets/Textures/KeyBoard/KeyBoard_Wire_Normal.png
  artifactKey: Guid(f458f69d1ec762b4fb88b65c47dd3a82) Importer(815301076,1909f56bfc062723c751e8b465ee728b)
Start importing Assets/Textures/KeyBoard/KeyBoard_Wire_Normal.png using Guid(f458f69d1ec762b4fb88b65c47dd3a82) Importer(815301076,1909f56bfc062723c751e8b465ee728b)  -> (artifact id: '3d3af8ae10f5f52e81b51635bd279542') in 0.030450 seconds
Number of updated asset objects reloaded before import = 0
Number of asset objects unloaded after import = 2
========================================================================
Received Import Request.
  Time since last request: 120.089901 seconds.
  path: Assets/Prefabs/PC.prefab
  artifactKey: Guid(5fcb2a88f8999654bbac775d8c9c8f06) Importer(815301076,1909f56bfc062723c751e8b465ee728b)
Start importing Assets/Prefabs/PC.prefab using Guid(5fcb2a88f8999654bbac775d8c9c8f06) Importer(815301076,1909f56bfc062723c751e8b465ee728b)  -> (artifact id: '82bd7a94e227e7fed739f2294d456e42') in 0.025346 seconds
Number of updated asset objects reloaded before import = 0
Number of asset objects unloaded after import = 16
========================================================================
Received Import Request.
  Time since last request: 0.000014 seconds.
  path: Assets/Prefabs/Monitor.prefab
  artifactKey: Guid(038b61772b59a5e4dbb2c6014b1cf2fb) Importer(815301076,1909f56bfc062723c751e8b465ee728b)
Start importing Assets/Prefabs/Monitor.prefab using Guid(038b61772b59a5e4dbb2c6014b1cf2fb) Importer(815301076,1909f56bfc062723c751e8b465ee728b)  -> (artifact id: '427c79c095773d710666a684e79487cc') in 0.051713 seconds
Number of updated asset objects reloaded before import = 0
Number of asset objects unloaded after import = 16
========================================================================
Received Import Request.
  Time since last request: 0.000017 seconds.
  path: Assets/Prefabs/Mouse.prefab
  artifactKey: Guid(8bc44e45fe2c1864ab12eddcd3dfa232) Importer(815301076,1909f56bfc062723c751e8b465ee728b)
Start importing Assets/Prefabs/Mouse.prefab using Guid(8bc44e45fe2c1864ab12eddcd3dfa232) Importer(815301076,1909f56bfc062723c751e8b465ee728b)  -> (artifact id: '402948e0273640f699ff4ef9eaee4ccc') in 0.038714 seconds
Number of updated asset objects reloaded before import = 0
Number of asset objects unloaded after import = 16
