Using pre-set license
Built from '2022.3/staging' branch; Version is '2022.3.17f1 (4fc78088f837) revision 5228416'; Using compiler version '192829333'; Build Type 'Release'
OS: 'Windows 11  (10.0.22631) 64bit Professional' Language: 'en' Physical Memory: 32509 MB
BatchMode: 1, IsHumanControllingUs: 0, StartBugReporterOnCrash: 0, Is64bit: 1, IsPro: 1

COMMAND LINE ARGUMENTS:
C:\Program Files\Unity\Hub\Editor\2022.3.17f1\Editor\Unity.exe
-adb2
-batchMode
-noUpm
-name
AssetImportWorker7
-projectPath
C:/Users/ebenm/Documents/GitHub/Game_Jam_Group4/(Working Title) Group 4 game
-logFile
Logs/AssetImportWorker7.log
-srvPort
61587
Successfully changed project path to: C:/Users/ebenm/Documents/GitHub/Game_Jam_Group4/(Working Title) Group 4 game
C:/Users/ebenm/Documents/GitHub/Game_Jam_Group4/(Working Title) Group 4 game
[UnityMemory] Configuration Parameters - Can be set up in boot.config
    "memorysetup-bucket-allocator-granularity=16"
    "memorysetup-bucket-allocator-bucket-count=8"
    "memorysetup-bucket-allocator-block-size=33554432"
    "memorysetup-bucket-allocator-block-count=8"
    "memorysetup-main-allocator-block-size=16777216"
    "memorysetup-thread-allocator-block-size=16777216"
    "memorysetup-gfx-main-allocator-block-size=16777216"
    "memorysetup-gfx-thread-allocator-block-size=16777216"
    "memorysetup-cache-allocator-block-size=4194304"
    "memorysetup-typetree-allocator-block-size=2097152"
    "memorysetup-profiler-bucket-allocator-granularity=16"
    "memorysetup-profiler-bucket-allocator-bucket-count=8"
    "memorysetup-profiler-bucket-allocator-block-size=33554432"
    "memorysetup-profiler-bucket-allocator-block-count=8"
    "memorysetup-profiler-allocator-block-size=16777216"
    "memorysetup-profiler-editor-allocator-block-size=1048576"
    "memorysetup-temp-allocator-size-main=16777216"
    "memorysetup-job-temp-allocator-block-size=2097152"
    "memorysetup-job-temp-allocator-block-size-background=1048576"
    "memorysetup-job-temp-allocator-reduction-small-platforms=262144"
    "memorysetup-allocator-temp-initial-block-size-main=262144"
    "memorysetup-allocator-temp-initial-block-size-worker=262144"
    "memorysetup-temp-allocator-size-background-worker=32768"
    "memorysetup-temp-allocator-size-job-worker=262144"
    "memorysetup-temp-allocator-size-preload-manager=33554432"
    "memorysetup-temp-allocator-size-nav-mesh-worker=65536"
    "memorysetup-temp-allocator-size-audio-worker=65536"
    "memorysetup-temp-allocator-size-cloud-worker=32768"
    "memorysetup-temp-allocator-size-gi-baking-worker=262144"
    "memorysetup-temp-allocator-size-gfx=262144"
Player connection [11240] Host "[IP] 192.168.68.125 [Port] 0 [Flags] 2 [Guid] 3426416837 [EditorId] 3426416837 [Version] 1048832 [Id] WindowsEditor(7,PC-1) [Debug] 1 [PackageName] WindowsEditor [ProjectName] Editor" joined multi-casting on [225.0.0.222:54997]...

Player connection [11240] Host "[IP] 192.168.68.125 [Port] 0 [Flags] 2 [Guid] 3426416837 [EditorId] 3426416837 [Version] 1048832 [Id] WindowsEditor(7,PC-1) [Debug] 1 [PackageName] WindowsEditor [ProjectName] Editor" joined alternative multi-casting on [225.0.0.222:34997]...

[Physics::Module] Initialized MultithreadedJobDispatcher with 19 workers.
Refreshing native plugins compatible for Editor in 5.92 ms, found 3 plugins.
Preloading 0 native plugins for Editor in 0.00 ms.
Initialize engine version: 2022.3.17f1 (4fc78088f837)
[Subsystems] Discovering subsystems at path C:/Program Files/Unity/Hub/Editor/2022.3.17f1/Editor/Data/Resources/UnitySubsystems
[Subsystems] Discovering subsystems at path C:/Users/ebenm/Documents/GitHub/Game_Jam_Group4/(Working Title) Group 4 game/Assets
GfxDevice: creating device client; threaded=0; jobified=0
Direct3D:
    Version:  Direct3D 11.0 [level 11.1]
    Renderer: NVIDIA GeForce RTX 4060 Ti (ID=0x2805)
    Vendor:   NVIDIA
    VRAM:     16109 MB
    Driver:   32.0.15.6081
Initialize mono
Mono path[0] = 'C:/Program Files/Unity/Hub/Editor/2022.3.17f1/Editor/Data/Managed'
Mono path[1] = 'C:/Program Files/Unity/Hub/Editor/2022.3.17f1/Editor/Data/MonoBleedingEdge/lib/mono/unityjit-win32'
Mono config path = 'C:/Program Files/Unity/Hub/Editor/2022.3.17f1/Editor/Data/MonoBleedingEdge/etc'
Using monoOptions --debugger-agent=transport=dt_socket,embedding=1,server=y,suspend=n,address=127.0.0.1:56752
Begin MonoManager ReloadAssembly
Registering precompiled unity dll's ...
Register platform support module: C:/Program Files/Unity/Hub/Editor/2022.3.17f1/Editor/Data/PlaybackEngines/WindowsStandaloneSupport/UnityEditor.WindowsStandalone.Extensions.dll
Registered in 0.005002 seconds.
- Loaded All Assemblies, in  0.245 seconds
Native extension for WindowsStandalone target not found
Mono: successfully reloaded assembly
- Finished resetting the current domain, in  0.211 seconds
Domain Reload Profiling: 455ms
	BeginReloadAssembly (76ms)
		ExecutionOrderSort (0ms)
		DisableScriptedObjects (0ms)
		BackupInstance (0ms)
		ReleaseScriptingObjects (0ms)
		CreateAndSetChildDomain (1ms)
	RebuildCommonClasses (22ms)
	RebuildNativeTypeToScriptingClass (7ms)
	initialDomainReloadingComplete (40ms)
	LoadAllAssembliesAndSetupDomain (98ms)
		LoadAssemblies (74ms)
		RebuildTransferFunctionScriptingTraits (0ms)
		AnalyzeDomain (97ms)
			TypeCache.Refresh (96ms)
				TypeCache.ScanAssembly (86ms)
			ScanForSourceGeneratedMonoScriptInfo (0ms)
			ResolveRequiredComponents (0ms)
	FinalizeReload (211ms)
		ReleaseScriptCaches (0ms)
		RebuildScriptCaches (0ms)
		SetupLoadedEditorAssemblies (168ms)
			LogAssemblyErrors (0ms)
			InitializePlatformSupportModulesInManaged (7ms)
			SetLoadedEditorAssemblies (6ms)
			RefreshPlugins (0ms)
			BeforeProcessingInitializeOnLoad (2ms)
			ProcessInitializeOnLoadAttributes (115ms)
			ProcessInitializeOnLoadMethodAttributes (39ms)
			AfterProcessingInitializeOnLoad (0ms)
			EditorAssembliesLoaded (0ms)
		ExecutionOrderSort2 (0ms)
		AwakeInstancesAfterBackupRestoration (0ms)
========================================================================
Worker process is ready to serve import requests
Begin MonoManager ReloadAssembly
- Loaded All Assemblies, in  0.465 seconds
Refreshing native plugins compatible for Editor in 2.11 ms, found 3 plugins.
Native extension for WindowsStandalone target not found
Package Manager log level set to [2]
[Package Manager] Server::EnsureServerProcessIsRunning -- launch failed, reason: Unity was launched with the -noUpm command-line argument
[Package Manager] UpmClient::Send -- Unable to send message (not connected to UPM process).
[Package Manager] Cannot connect to Unity Package Manager local server
Mono: successfully reloaded assembly
- Finished resetting the current domain, in  0.508 seconds
Domain Reload Profiling: 971ms
	BeginReloadAssembly (118ms)
		ExecutionOrderSort (0ms)
		DisableScriptedObjects (5ms)
		BackupInstance (0ms)
		ReleaseScriptingObjects (0ms)
		CreateAndSetChildDomain (16ms)
	RebuildCommonClasses (25ms)
	RebuildNativeTypeToScriptingClass (7ms)
	initialDomainReloadingComplete (33ms)
	LoadAllAssembliesAndSetupDomain (279ms)
		LoadAssemblies (220ms)
		RebuildTransferFunctionScriptingTraits (0ms)
		AnalyzeDomain (128ms)
			TypeCache.Refresh (113ms)
				TypeCache.ScanAssembly (103ms)
			ScanForSourceGeneratedMonoScriptInfo (11ms)
			ResolveRequiredComponents (3ms)
	FinalizeReload (509ms)
		ReleaseScriptCaches (0ms)
		RebuildScriptCaches (0ms)
		SetupLoadedEditorAssemblies (410ms)
			LogAssemblyErrors (0ms)
			InitializePlatformSupportModulesInManaged (4ms)
			SetLoadedEditorAssemblies (2ms)
			RefreshPlugins (0ms)
			BeforeProcessingInitializeOnLoad (40ms)
			ProcessInitializeOnLoadAttributes (344ms)
			ProcessInitializeOnLoadMethodAttributes (15ms)
			AfterProcessingInitializeOnLoad (5ms)
			EditorAssembliesLoaded (0ms)
		ExecutionOrderSort2 (0ms)
		AwakeInstancesAfterBackupRestoration (4ms)
Launched and connected shader compiler UnityShaderCompiler.exe after 0.03 seconds
Refreshing native plugins compatible for Editor in 2.82 ms, found 3 plugins.
Preloading 0 native plugins for Editor in 0.00 ms.
Unloading 3143 Unused Serialized files (Serialized files now loaded: 0)
Unloading 32 unused Assets / (57.4 KB). Loaded Objects now: 3607.
Memory consumption went from 129.2 MB to 129.1 MB.
Total: 3.877300 ms (FindLiveObjects: 0.405300 ms CreateObjectMapping: 0.111500 ms MarkObjects: 3.243800 ms  DeleteObjects: 0.115400 ms)

AssetImportParameters requested are different than current active one (requested -> active):
  custom:container-demuxer-ogg: 62fdf1f143b41e24485cea50d1cbac27 -> 
  custom:video-codec-MediaFoundation-h265: 746d11721c4dcdbdad8f713fa42b33f4 -> 
  custom:video-decoder-ogg-theora: a1e56fd34408186e4bbccfd4996cb3dc -> 
  custom:framework-win-MediaFoundation: 216162199b28c13a410421893ffa2e32 -> 
  custom:CustomObjectIndexerAttribute: 6d391050e5a25f67b0a2c618074f2cd9 -> 
  custom:container-demuxer-webm: 4f35f7cbe854078d1ac9338744f61a02 -> 
  custom:container-muxer-webm: aa71ff27fc2769a1b78a27578f13a17b -> 
  custom:video-decoder-webm-vp8: 9c59270c3fd7afecdb556c50c9e8de78 -> 
  custom:SearchIndexIgnoredProperties: e643bd26f0fe6173181afceb89e7c659 -> 
  custom:AudioImporter_EditorPlatform: d09bf68614088b80899f8185d706f6e7 -> 
  custom:video-encoder-webm-vp8: eb34c28f22e8b96e1ab97ce403110664 -> 
  custom:audio-decoder-ogg-vorbis: bf7c407c2cedff20999df2af8eb42d56 -> 
  custom:audio-encoder-webm-vorbis: bf7c407c2cedff20999df2af8eb42d56 -> 
========================================================================
Received Import Request.
  Time since last request: 515555.641441 seconds.
  path: Assets/Textures/Mug/mug_eraser_Emissive.png
  artifactKey: Guid(13783564208635b4da98dadadf84c37e) Importer(815301076,1909f56bfc062723c751e8b465ee728b)
Start importing Assets/Textures/Mug/mug_eraser_Emissive.png using Guid(13783564208635b4da98dadadf84c37e) Importer(815301076,1909f56bfc062723c751e8b465ee728b)  -> (artifact id: '60e18ac036a18d21a07ab13ec97f11e8') in 0.051305 seconds
Number of updated asset objects reloaded before import = 0
Number of asset objects unloaded after import = 2
========================================================================
Received Import Request.
  Time since last request: 0.000018 seconds.
  path: Assets/Textures/Mug/mug_mug_BaseColor.png
  artifactKey: Guid(8e91adc5776564345a300fd489237d4d) Importer(815301076,1909f56bfc062723c751e8b465ee728b)
Start importing Assets/Textures/Mug/mug_mug_BaseColor.png using Guid(8e91adc5776564345a300fd489237d4d) Importer(815301076,1909f56bfc062723c751e8b465ee728b)  -> (artifact id: '0b0368d56c6fbc2f1cb9fd51bb3a1665') in 0.038264 seconds
Number of updated asset objects reloaded before import = 0
Number of asset objects unloaded after import = 2
========================================================================
Received Import Request.
  Time since last request: 0.000078 seconds.
  path: Assets/Textures/Mug/mug_eraser_Height.png
  artifactKey: Guid(2eb16fb3edb88f04ba9113bd28d42113) Importer(815301076,1909f56bfc062723c751e8b465ee728b)
Start importing Assets/Textures/Mug/mug_eraser_Height.png using Guid(2eb16fb3edb88f04ba9113bd28d42113) Importer(815301076,1909f56bfc062723c751e8b465ee728b)  -> (artifact id: '3adf59cd113523bbeab55f7e4225a8c6') in 0.021189 seconds
Number of updated asset objects reloaded before import = 0
Number of asset objects unloaded after import = 2
========================================================================
Received Import Request.
  Time since last request: 0.000012 seconds.
  path: Assets/Textures/Mug/mug_pencilmetal_Height.png
  artifactKey: Guid(010292456bf4dad4ab0b6da2fa21a286) Importer(815301076,1909f56bfc062723c751e8b465ee728b)
Start importing Assets/Textures/Mug/mug_pencilmetal_Height.png using Guid(010292456bf4dad4ab0b6da2fa21a286) Importer(815301076,1909f56bfc062723c751e8b465ee728b)  -> (artifact id: '762a12bd03768fa9d9682209d46a0a3b') in 0.019977 seconds
Number of updated asset objects reloaded before import = 0
Number of asset objects unloaded after import = 2
========================================================================
Received Import Request.
  Time since last request: 0.000014 seconds.
  path: Assets/Textures/Mug/mug_eraser_Roughness.png
  artifactKey: Guid(f726b858de813314e932ad60fc2d6bb4) Importer(815301076,1909f56bfc062723c751e8b465ee728b)
Start importing Assets/Textures/Mug/mug_eraser_Roughness.png using Guid(f726b858de813314e932ad60fc2d6bb4) Importer(815301076,1909f56bfc062723c751e8b465ee728b)  -> (artifact id: 'ebb37a30ccd9f09ba4edf4af9fd99a11') in 0.021474 seconds
Number of updated asset objects reloaded before import = 0
Number of asset objects unloaded after import = 2
========================================================================
Received Import Request.
  Time since last request: 0.000014 seconds.
  path: Assets/Textures/Mug/mug_pencilmetal_Emissive.png
  artifactKey: Guid(e1b32b14ee14c4f4fb1b060e76b8c046) Importer(815301076,1909f56bfc062723c751e8b465ee728b)
Start importing Assets/Textures/Mug/mug_pencilmetal_Emissive.png using Guid(e1b32b14ee14c4f4fb1b060e76b8c046) Importer(815301076,1909f56bfc062723c751e8b465ee728b)  -> (artifact id: 'bad3b5dbf2c73af435c6cd0e72176cc7') in 0.024732 seconds
Number of updated asset objects reloaded before import = 0
Number of asset objects unloaded after import = 2
========================================================================
Received Import Request.
  Time since last request: 0.000013 seconds.
  path: Assets/Textures/Mug/mug_yellowpaint_Emissive.png
  artifactKey: Guid(50e3c4dc69101174b9b3898eb0e845ab) Importer(815301076,1909f56bfc062723c751e8b465ee728b)
Start importing Assets/Textures/Mug/mug_yellowpaint_Emissive.png using Guid(50e3c4dc69101174b9b3898eb0e845ab) Importer(815301076,1909f56bfc062723c751e8b465ee728b)  -> (artifact id: '9fd757c5449e0fdb8fa445702fe36aa7') in 0.008825 seconds
Number of updated asset objects reloaded before import = 0
Number of asset objects unloaded after import = 2
========================================================================
Received Import Request.
  Time since last request: 0.000012 seconds.
  path: Assets/Textures/Mug/mug_pencilmetal_Roughness.png
  artifactKey: Guid(57cf4398762ba3f46a6a0569eb0be3f7) Importer(815301076,1909f56bfc062723c751e8b465ee728b)
Start importing Assets/Textures/Mug/mug_pencilmetal_Roughness.png using Guid(57cf4398762ba3f46a6a0569eb0be3f7) Importer(815301076,1909f56bfc062723c751e8b465ee728b)  -> (artifact id: 'a2b7f5030394fefdf5dd42b66a56dcc2') in 0.026013 seconds
Number of updated asset objects reloaded before import = 0
Number of asset objects unloaded after import = 2
========================================================================
Received Import Request.
  Time since last request: 0.000015 seconds.
  path: Assets/Textures/Mug/mug_mug_Roughness.png
  artifactKey: Guid(c48309af967bc5a46a7ba5b88bb4fcb7) Importer(815301076,1909f56bfc062723c751e8b465ee728b)
Start importing Assets/Textures/Mug/mug_mug_Roughness.png using Guid(c48309af967bc5a46a7ba5b88bb4fcb7) Importer(815301076,1909f56bfc062723c751e8b465ee728b)  -> (artifact id: '276d64951473ed8f52232a7944d5852b') in 0.016501 seconds
Number of updated asset objects reloaded before import = 0
Number of asset objects unloaded after import = 2
========================================================================
Received Import Request.
  Time since last request: 0.000014 seconds.
  path: Assets/Textures/Mug/mug_eraser_Normal.png
  artifactKey: Guid(aa17d279c783e3f42a07d3ca0d582c7f) Importer(815301076,1909f56bfc062723c751e8b465ee728b)
Start importing Assets/Textures/Mug/mug_eraser_Normal.png using Guid(aa17d279c783e3f42a07d3ca0d582c7f) Importer(815301076,1909f56bfc062723c751e8b465ee728b)  -> (artifact id: 'd68365e80038b39255e13e6c1abf47d1') in 0.014739 seconds
Number of updated asset objects reloaded before import = 0
Number of asset objects unloaded after import = 2
========================================================================
Received Import Request.
  Time since last request: 0.000013 seconds.
  path: Assets/Textures/Mug/mug_yellowpaint_BaseColor.png
  artifactKey: Guid(4c52581d40644274b9e84c09e66f45c9) Importer(815301076,1909f56bfc062723c751e8b465ee728b)
Start importing Assets/Textures/Mug/mug_yellowpaint_BaseColor.png using Guid(4c52581d40644274b9e84c09e66f45c9) Importer(815301076,1909f56bfc062723c751e8b465ee728b)  -> (artifact id: '949fa888222d2c611d8c3d007a6b42a8') in 0.015345 seconds
Number of updated asset objects reloaded before import = 0
Number of asset objects unloaded after import = 2
========================================================================
Received Import Request.
  Time since last request: 0.000014 seconds.
  path: Assets/Textures/Mug/mug_woodlead_Normal.png
  artifactKey: Guid(23b917ce4c429064aaa9368fd97af510) Importer(815301076,1909f56bfc062723c751e8b465ee728b)
Start importing Assets/Textures/Mug/mug_woodlead_Normal.png using Guid(23b917ce4c429064aaa9368fd97af510) Importer(815301076,1909f56bfc062723c751e8b465ee728b)  -> (artifact id: '0c28981d0eef605c533a293b69e662ac') in 0.014079 seconds
Number of updated asset objects reloaded before import = 0
Number of asset objects unloaded after import = 2
========================================================================
Received Import Request.
  Time since last request: 0.000013 seconds.
  path: Assets/Textures/Mug/mug_woodlead_Roughness.png
  artifactKey: Guid(f4c36fe1f9c6f7e4ba964ac5078ba510) Importer(815301076,1909f56bfc062723c751e8b465ee728b)
Start importing Assets/Textures/Mug/mug_woodlead_Roughness.png using Guid(f4c36fe1f9c6f7e4ba964ac5078ba510) Importer(815301076,1909f56bfc062723c751e8b465ee728b)  -> (artifact id: '96b5809be521befc5d8874699caeb364') in 0.012585 seconds
Number of updated asset objects reloaded before import = 0
Number of asset objects unloaded after import = 2
========================================================================
Received Import Request.
  Time since last request: 0.000013 seconds.
  path: Assets/Textures/Mug/mug_woodlead_Metallic.png
  artifactKey: Guid(f70080cb5ffe8084487043c8865ba89c) Importer(815301076,1909f56bfc062723c751e8b465ee728b)
Start importing Assets/Textures/Mug/mug_woodlead_Metallic.png using Guid(f70080cb5ffe8084487043c8865ba89c) Importer(815301076,1909f56bfc062723c751e8b465ee728b)  -> (artifact id: 'eb4189af5377335e6279bde6d54f5b44') in 0.008299 seconds
Number of updated asset objects reloaded before import = 0
Number of asset objects unloaded after import = 2
Editor requested this worker to shutdown with reason: Scaling down because of idle timeout
TcpMessagingSession - receive error: operation aborted. errorcode: 995, details: The I/O operation has been aborted because of either a thread exit or an application request.
AssetImportWorker is now disconnected from the server
Process exiting
Exiting without the bug reporter. Application will terminate with return code 0