Using pre-set license
Built from '2022.3/staging' branch; Version is '2022.3.17f1 (4fc78088f837) revision 5228416'; Using compiler version '192829333'; Build Type 'Release'
OS: 'Windows 11  (10.0.22631) 64bit Professional' Language: 'en' Physical Memory: 32509 MB
BatchMode: 1, IsHumanControllingUs: 0, StartBugReporterOnCrash: 0, Is64bit: 1, IsPro: 1

COMMAND LINE ARGUMENTS:
C:\Program Files\Unity\Hub\Editor\2022.3.17f1\Editor\Unity.exe
-adb2
-batchMode
-noUpm
-name
AssetImportWorker1
-projectPath
C:/Users/ebenm/Documents/GitHub/Game_Jam_Group4/(Working Title) Group 4 game
-logFile
Logs/AssetImportWorker1.log
-srvPort
60955
Successfully changed project path to: C:/Users/ebenm/Documents/GitHub/Game_Jam_Group4/(Working Title) Group 4 game
C:/Users/ebenm/Documents/GitHub/Game_Jam_Group4/(Working Title) Group 4 game
[UnityMemory] Configuration Parameters - Can be set up in boot.config
    "memorysetup-bucket-allocator-granularity=16"
    "memorysetup-bucket-allocator-bucket-count=8"
    "memorysetup-bucket-allocator-block-size=33554432"
    "memorysetup-bucket-allocator-block-count=8"
    "memorysetup-main-allocator-block-size=16777216"
    "memorysetup-thread-allocator-block-size=16777216"
    "memorysetup-gfx-main-allocator-block-size=16777216"
    "memorysetup-gfx-thread-allocator-block-size=16777216"
    "memorysetup-cache-allocator-block-size=4194304"
    "memorysetup-typetree-allocator-block-size=2097152"
    "memorysetup-profiler-bucket-allocator-granularity=16"
    "memorysetup-profiler-bucket-allocator-bucket-count=8"
    "memorysetup-profiler-bucket-allocator-block-size=33554432"
    "memorysetup-profiler-bucket-allocator-block-count=8"
    "memorysetup-profiler-allocator-block-size=16777216"
    "memorysetup-profiler-editor-allocator-block-size=1048576"
    "memorysetup-temp-allocator-size-main=16777216"
    "memorysetup-job-temp-allocator-block-size=2097152"
    "memorysetup-job-temp-allocator-block-size-background=1048576"
    "memorysetup-job-temp-allocator-reduction-small-platforms=262144"
    "memorysetup-allocator-temp-initial-block-size-main=262144"
    "memorysetup-allocator-temp-initial-block-size-worker=262144"
    "memorysetup-temp-allocator-size-background-worker=32768"
    "memorysetup-temp-allocator-size-job-worker=262144"
    "memorysetup-temp-allocator-size-preload-manager=33554432"
    "memorysetup-temp-allocator-size-nav-mesh-worker=65536"
    "memorysetup-temp-allocator-size-audio-worker=65536"
    "memorysetup-temp-allocator-size-cloud-worker=32768"
    "memorysetup-temp-allocator-size-gi-baking-worker=262144"
    "memorysetup-temp-allocator-size-gfx=262144"
Player connection [46708] Host "[IP] 192.168.68.125 [Port] 0 [Flags] 2 [Guid] 2433865395 [EditorId] 2433865395 [Version] 1048832 [Id] WindowsEditor(7,PC-1) [Debug] 1 [PackageName] WindowsEditor [ProjectName] Editor" joined multi-casting on [225.0.0.222:54997]...

Player connection [46708] Host "[IP] 192.168.68.125 [Port] 0 [Flags] 2 [Guid] 2433865395 [EditorId] 2433865395 [Version] 1048832 [Id] WindowsEditor(7,PC-1) [Debug] 1 [PackageName] WindowsEditor [ProjectName] Editor" joined alternative multi-casting on [225.0.0.222:34997]...

[Physics::Module] Initialized MultithreadedJobDispatcher with 19 workers.
Refreshing native plugins compatible for Editor in 6.76 ms, found 3 plugins.
Preloading 0 native plugins for Editor in 0.00 ms.
Initialize engine version: 2022.3.17f1 (4fc78088f837)
[Subsystems] Discovering subsystems at path C:/Program Files/Unity/Hub/Editor/2022.3.17f1/Editor/Data/Resources/UnitySubsystems
[Subsystems] Discovering subsystems at path C:/Users/ebenm/Documents/GitHub/Game_Jam_Group4/(Working Title) Group 4 game/Assets
GfxDevice: creating device client; threaded=0; jobified=0
Direct3D:
    Version:  Direct3D 11.0 [level 11.1]
    Renderer: NVIDIA GeForce RTX 4060 Ti (ID=0x2805)
    Vendor:   NVIDIA
    VRAM:     16109 MB
    Driver:   32.0.15.6081
Initialize mono
Mono path[0] = 'C:/Program Files/Unity/Hub/Editor/2022.3.17f1/Editor/Data/Managed'
Mono path[1] = 'C:/Program Files/Unity/Hub/Editor/2022.3.17f1/Editor/Data/MonoBleedingEdge/lib/mono/unityjit-win32'
Mono config path = 'C:/Program Files/Unity/Hub/Editor/2022.3.17f1/Editor/Data/MonoBleedingEdge/etc'
Using monoOptions --debugger-agent=transport=dt_socket,embedding=1,server=y,suspend=n,address=127.0.0.1:56344
Begin MonoManager ReloadAssembly
Registering precompiled unity dll's ...
Register platform support module: C:/Program Files/Unity/Hub/Editor/2022.3.17f1/Editor/Data/PlaybackEngines/WindowsStandaloneSupport/UnityEditor.WindowsStandalone.Extensions.dll
Registered in 0.005132 seconds.
- Loaded All Assemblies, in  0.250 seconds
Native extension for WindowsStandalone target not found
Mono: successfully reloaded assembly
- Finished resetting the current domain, in  0.205 seconds
Domain Reload Profiling: 454ms
	BeginReloadAssembly (80ms)
		ExecutionOrderSort (0ms)
		DisableScriptedObjects (0ms)
		BackupInstance (0ms)
		ReleaseScriptingObjects (0ms)
		CreateAndSetChildDomain (1ms)
	RebuildCommonClasses (24ms)
	RebuildNativeTypeToScriptingClass (8ms)
	initialDomainReloadingComplete (43ms)
	LoadAllAssembliesAndSetupDomain (95ms)
		LoadAssemblies (78ms)
		RebuildTransferFunctionScriptingTraits (0ms)
		AnalyzeDomain (94ms)
			TypeCache.Refresh (93ms)
				TypeCache.ScanAssembly (84ms)
			ScanForSourceGeneratedMonoScriptInfo (0ms)
			ResolveRequiredComponents (0ms)
	FinalizeReload (205ms)
		ReleaseScriptCaches (0ms)
		RebuildScriptCaches (0ms)
		SetupLoadedEditorAssemblies (162ms)
			LogAssemblyErrors (0ms)
			InitializePlatformSupportModulesInManaged (7ms)
			SetLoadedEditorAssemblies (6ms)
			RefreshPlugins (0ms)
			BeforeProcessingInitializeOnLoad (2ms)
			ProcessInitializeOnLoadAttributes (108ms)
			ProcessInitializeOnLoadMethodAttributes (39ms)
			AfterProcessingInitializeOnLoad (0ms)
			EditorAssembliesLoaded (0ms)
		ExecutionOrderSort2 (0ms)
		AwakeInstancesAfterBackupRestoration (0ms)
========================================================================
Worker process is ready to serve import requests
Begin MonoManager ReloadAssembly
- Loaded All Assemblies, in  0.509 seconds
Refreshing native plugins compatible for Editor in 2.38 ms, found 3 plugins.
Native extension for WindowsStandalone target not found
Package Manager log level set to [2]
[Package Manager] Server::EnsureServerProcessIsRunning -- launch failed, reason: Unity was launched with the -noUpm command-line argument
[Package Manager] UpmClient::Send -- Unable to send message (not connected to UPM process).
[Package Manager] Cannot connect to Unity Package Manager local server
Mono: successfully reloaded assembly
- Finished resetting the current domain, in  0.530 seconds
Domain Reload Profiling: 1037ms
	BeginReloadAssembly (120ms)
		ExecutionOrderSort (0ms)
		DisableScriptedObjects (4ms)
		BackupInstance (0ms)
		ReleaseScriptingObjects (0ms)
		CreateAndSetChildDomain (16ms)
	RebuildCommonClasses (24ms)
	RebuildNativeTypeToScriptingClass (8ms)
	initialDomainReloadingComplete (31ms)
	LoadAllAssembliesAndSetupDomain (324ms)
		LoadAssemblies (275ms)
		RebuildTransferFunctionScriptingTraits (0ms)
		AnalyzeDomain (117ms)
			TypeCache.Refresh (103ms)
				TypeCache.ScanAssembly (94ms)
			ScanForSourceGeneratedMonoScriptInfo (10ms)
			ResolveRequiredComponents (3ms)
	FinalizeReload (531ms)
		ReleaseScriptCaches (0ms)
		RebuildScriptCaches (0ms)
		SetupLoadedEditorAssemblies (430ms)
			LogAssemblyErrors (0ms)
			InitializePlatformSupportModulesInManaged (4ms)
			SetLoadedEditorAssemblies (2ms)
			RefreshPlugins (0ms)
			BeforeProcessingInitializeOnLoad (41ms)
			ProcessInitializeOnLoadAttributes (359ms)
			ProcessInitializeOnLoadMethodAttributes (19ms)
			AfterProcessingInitializeOnLoad (4ms)
			EditorAssembliesLoaded (0ms)
		ExecutionOrderSort2 (0ms)
		AwakeInstancesAfterBackupRestoration (4ms)
Launched and connected shader compiler UnityShaderCompiler.exe after 0.03 seconds
Refreshing native plugins compatible for Editor in 2.88 ms, found 3 plugins.
Preloading 0 native plugins for Editor in 0.00 ms.
Unloading 3143 Unused Serialized files (Serialized files now loaded: 0)
Unloading 32 unused Assets / (57.4 KB). Loaded Objects now: 3607.
Memory consumption went from 128.8 MB to 128.8 MB.
Total: 2.557900 ms (FindLiveObjects: 0.152200 ms CreateObjectMapping: 0.083500 ms MarkObjects: 2.236000 ms  DeleteObjects: 0.085300 ms)

AssetImportParameters requested are different than current active one (requested -> active):
  custom:container-demuxer-ogg: 62fdf1f143b41e24485cea50d1cbac27 -> 
  custom:video-codec-MediaFoundation-h265: 746d11721c4dcdbdad8f713fa42b33f4 -> 
  custom:video-decoder-ogg-theora: a1e56fd34408186e4bbccfd4996cb3dc -> 
  custom:framework-win-MediaFoundation: 216162199b28c13a410421893ffa2e32 -> 
  custom:CustomObjectIndexerAttribute: 6d391050e5a25f67b0a2c618074f2cd9 -> 
  custom:container-demuxer-webm: 4f35f7cbe854078d1ac9338744f61a02 -> 
  custom:container-muxer-webm: aa71ff27fc2769a1b78a27578f13a17b -> 
  custom:video-decoder-webm-vp8: 9c59270c3fd7afecdb556c50c9e8de78 -> 
  custom:SearchIndexIgnoredProperties: e643bd26f0fe6173181afceb89e7c659 -> 
  custom:AudioImporter_EditorPlatform: d09bf68614088b80899f8185d706f6e7 -> 
  custom:video-encoder-webm-vp8: eb34c28f22e8b96e1ab97ce403110664 -> 
  custom:audio-decoder-ogg-vorbis: bf7c407c2cedff20999df2af8eb42d56 -> 
  custom:audio-encoder-webm-vorbis: bf7c407c2cedff20999df2af8eb42d56 -> 
========================================================================
Received Import Request.
  Time since last request: 512218.988287 seconds.
  path: Assets/Models/lamp 1.fbx
  artifactKey: Guid(4229435fb77ea7446bb2b59a9030e3f1) Importer(815301076,1909f56bfc062723c751e8b465ee728b)
Start importing Assets/Models/lamp 1.fbx using Guid(4229435fb77ea7446bb2b59a9030e3f1) Importer(815301076,1909f56bfc062723c751e8b465ee728b)  -> (artifact id: '43c56c1d8e9b87bb3af8265bb90ba819') in 0.118775 seconds
Number of updated asset objects reloaded before import = 0
Number of asset objects unloaded after import = 13
========================================================================
Received Import Request.
  Time since last request: 961.960103 seconds.
  path: Assets/Textures/Vase/vasevine_dirt_Emissive.png
  artifactKey: Guid(03238f954acf47c49a98731a088964db) Importer(815301076,1909f56bfc062723c751e8b465ee728b)
Start importing Assets/Textures/Vase/vasevine_dirt_Emissive.png using Guid(03238f954acf47c49a98731a088964db) Importer(815301076,1909f56bfc062723c751e8b465ee728b)  -> (artifact id: '2c28121fa69d5d740c50d47608d94c67') in 0.060031 seconds
Number of updated asset objects reloaded before import = 0
Number of asset objects unloaded after import = 2
========================================================================
Received Import Request.
  Time since last request: 0.000023 seconds.
  path: Assets/Textures/Vase/vasevine_stem_Roughness.png
  artifactKey: Guid(b2015d5d873f9b74cb829c1d592255a2) Importer(815301076,1909f56bfc062723c751e8b465ee728b)
Start importing Assets/Textures/Vase/vasevine_stem_Roughness.png using Guid(b2015d5d873f9b74cb829c1d592255a2) Importer(815301076,1909f56bfc062723c751e8b465ee728b)  -> (artifact id: 'bee70a117d9f3331e4375ab52aa040b0') in 0.029270 seconds
Number of updated asset objects reloaded before import = 0
Number of asset objects unloaded after import = 2
========================================================================
Received Import Request.
  Time since last request: 0.000025 seconds.
  path: Assets/Textures/Vase/vasevine_leaves_Metallic.png
  artifactKey: Guid(67048945fdad43c4e96fe28c94465dc3) Importer(815301076,1909f56bfc062723c751e8b465ee728b)
Start importing Assets/Textures/Vase/vasevine_leaves_Metallic.png using Guid(67048945fdad43c4e96fe28c94465dc3) Importer(815301076,1909f56bfc062723c751e8b465ee728b)  -> (artifact id: 'b264fceb27d13adb9798fccca0a649ef') in 0.025803 seconds
Number of updated asset objects reloaded before import = 0
Number of asset objects unloaded after import = 2
========================================================================
Received Import Request.
  Time since last request: 0.000030 seconds.
  path: Assets/Textures/Vase/vasevine_leaves_Emissive.png
  artifactKey: Guid(c252fe153c019264c8621f9a6212defa) Importer(815301076,1909f56bfc062723c751e8b465ee728b)
Start importing Assets/Textures/Vase/vasevine_leaves_Emissive.png using Guid(c252fe153c019264c8621f9a6212defa) Importer(815301076,1909f56bfc062723c751e8b465ee728b)  -> (artifact id: 'f42fa2d24a5374a2658d2f511b9073a8') in 0.034916 seconds
Number of updated asset objects reloaded before import = 0
Number of asset objects unloaded after import = 2
========================================================================
Received Import Request.
  Time since last request: 0.000016 seconds.
  path: Assets/Textures/Vase/vasevine_leaves_Roughness.png
  artifactKey: Guid(2d178e7976a0dc843bbb1dd95484084a) Importer(815301076,1909f56bfc062723c751e8b465ee728b)
Start importing Assets/Textures/Vase/vasevine_leaves_Roughness.png using Guid(2d178e7976a0dc843bbb1dd95484084a) Importer(815301076,1909f56bfc062723c751e8b465ee728b)  -> (artifact id: '9ff1d6fb1b14f5ea6e6cb179639b7117') in 0.036449 seconds
Number of updated asset objects reloaded before import = 0
Number of asset objects unloaded after import = 2
========================================================================
Received Import Request.
  Time since last request: 0.000015 seconds.
  path: Assets/Textures/Vase/vasevine_stem_Height.png
  artifactKey: Guid(8f4ea9ce0a13ef542ab6b311b2163f18) Importer(815301076,1909f56bfc062723c751e8b465ee728b)
Start importing Assets/Textures/Vase/vasevine_stem_Height.png using Guid(8f4ea9ce0a13ef542ab6b311b2163f18) Importer(815301076,1909f56bfc062723c751e8b465ee728b)  -> (artifact id: '3b6417fd0fe955b62213e59c698458e6') in 0.032286 seconds
Number of updated asset objects reloaded before import = 0
Number of asset objects unloaded after import = 2
========================================================================
Received Import Request.
  Time since last request: 0.000012 seconds.
  path: Assets/Textures/Vase/vasevine_stem_Normal.png
  artifactKey: Guid(bd2c4623080526c4abbd4a0facd86188) Importer(815301076,1909f56bfc062723c751e8b465ee728b)
Start importing Assets/Textures/Vase/vasevine_stem_Normal.png using Guid(bd2c4623080526c4abbd4a0facd86188) Importer(815301076,1909f56bfc062723c751e8b465ee728b)  -> (artifact id: 'bbc4d533d61f1032257b5458ab6ceb84') in 0.029571 seconds
Number of updated asset objects reloaded before import = 0
Number of asset objects unloaded after import = 2
========================================================================
Received Import Request.
  Time since last request: 0.000029 seconds.
  path: Assets/Textures/Vase/vasevine_vase_Roughness.png
  artifactKey: Guid(4e37548074e78fc4a913a00c4d085f9c) Importer(815301076,1909f56bfc062723c751e8b465ee728b)
Start importing Assets/Textures/Vase/vasevine_vase_Roughness.png using Guid(4e37548074e78fc4a913a00c4d085f9c) Importer(815301076,1909f56bfc062723c751e8b465ee728b)  -> (artifact id: '747e7041968a353b5bcc0e3b975a2004') in 0.032125 seconds
Number of updated asset objects reloaded before import = 0
Number of asset objects unloaded after import = 2
========================================================================
Received Import Request.
  Time since last request: 0.000015 seconds.
  path: Assets/Textures/Vase/vasevine_wood_Metallic.png
  artifactKey: Guid(b5ff3fe48d2091d4eac7a7475fc5ac6a) Importer(815301076,1909f56bfc062723c751e8b465ee728b)
Start importing Assets/Textures/Vase/vasevine_wood_Metallic.png using Guid(b5ff3fe48d2091d4eac7a7475fc5ac6a) Importer(815301076,1909f56bfc062723c751e8b465ee728b)  -> (artifact id: 'bb170c65fcf5c5ab9bd5891c2ed6c22c') in 0.029327 seconds
Number of updated asset objects reloaded before import = 0
Number of asset objects unloaded after import = 2
========================================================================
Received Import Request.
  Time since last request: 0.000017 seconds.
  path: Assets/Textures/Vase/vasevine_vase_Emissive.png
  artifactKey: Guid(1f121946f86a2464fb22c50f01184668) Importer(815301076,1909f56bfc062723c751e8b465ee728b)
Start importing Assets/Textures/Vase/vasevine_vase_Emissive.png using Guid(1f121946f86a2464fb22c50f01184668) Importer(815301076,1909f56bfc062723c751e8b465ee728b)  -> (artifact id: '9ef91e415fa50302b9dc5c1feeb32454') in 0.018698 seconds
Number of updated asset objects reloaded before import = 0
Number of asset objects unloaded after import = 2
========================================================================
Received Import Request.
  Time since last request: 0.000027 seconds.
  path: Assets/Textures/Vase/vasevine_vase_BaseColor.png
  artifactKey: Guid(a49ed45dd429fd14f9924491dc89d61e) Importer(815301076,1909f56bfc062723c751e8b465ee728b)
Start importing Assets/Textures/Vase/vasevine_vase_BaseColor.png using Guid(a49ed45dd429fd14f9924491dc89d61e) Importer(815301076,1909f56bfc062723c751e8b465ee728b)  -> (artifact id: '7181c04915809cfc8cb3b0aa64433ee6') in 0.015647 seconds
Number of updated asset objects reloaded before import = 0
Number of asset objects unloaded after import = 2
========================================================================
Received Import Request.
  Time since last request: 0.000015 seconds.
  path: Assets/Textures/Vase/vasevine_leaves_BaseColor.png
  artifactKey: Guid(a8b3931f56e8b3241870addb3860dd84) Importer(815301076,1909f56bfc062723c751e8b465ee728b)
Start importing Assets/Textures/Vase/vasevine_leaves_BaseColor.png using Guid(a8b3931f56e8b3241870addb3860dd84) Importer(815301076,1909f56bfc062723c751e8b465ee728b)  -> (artifact id: 'a06274e8cf313fa3596ae13e19da0ab7') in 0.015890 seconds
Number of updated asset objects reloaded before import = 0
Number of asset objects unloaded after import = 2
========================================================================
Received Import Request.
  Time since last request: 0.000013 seconds.
  path: Assets/Textures/Vase/vasevine_vase_Metallic.png
  artifactKey: Guid(c9f8f920b4aaa804a95f2c0b7ef455fa) Importer(815301076,1909f56bfc062723c751e8b465ee728b)
Start importing Assets/Textures/Vase/vasevine_vase_Metallic.png using Guid(c9f8f920b4aaa804a95f2c0b7ef455fa) Importer(815301076,1909f56bfc062723c751e8b465ee728b)  -> (artifact id: 'f3cb60174b277a7e1aeccb5be7e7fe76') in 0.009516 seconds
Number of updated asset objects reloaded before import = 0
Number of asset objects unloaded after import = 2
========================================================================
Received Import Request.
  Time since last request: 0.000013 seconds.
  path: Assets/Textures/Vase/vasevine_stem_Metallic.png
  artifactKey: Guid(e57c8edd0d28926449aabac265b21064) Importer(815301076,1909f56bfc062723c751e8b465ee728b)
Start importing Assets/Textures/Vase/vasevine_stem_Metallic.png using Guid(e57c8edd0d28926449aabac265b21064) Importer(815301076,1909f56bfc062723c751e8b465ee728b)  -> (artifact id: 'b5757e160e7bb4f22ec97ae182d2e862') in 0.009512 seconds
Number of updated asset objects reloaded before import = 0
Number of asset objects unloaded after import = 2
Editor requested this worker to shutdown with reason: Scaling down because of idle timeout
TcpMessagingSession - receive error: operation aborted. errorcode: 995, details: The I/O operation has been aborted because of either a thread exit or an application request.
AssetImportWorker is now disconnected from the server
Process exiting
Exiting without the bug reporter. Application will terminate with return code 0