Using pre-set license
Built from '2022.3/staging' branch; Version is '2022.3.17f1 (4fc78088f837) revision 5228416'; Using compiler version '192829333'; Build Type 'Release'
OS: 'Windows 11  (10.0.22631) 64bit Professional' Language: 'en' Physical Memory: 32509 MB
BatchMode: 1, IsHumanControllingUs: 0, StartBugReporterOnCrash: 0, Is64bit: 1, IsPro: 1

COMMAND LINE ARGUMENTS:
C:\Program Files\Unity\Hub\Editor\2022.3.17f1\Editor\Unity.exe
-adb2
-batchMode
-noUpm
-name
AssetImportWorker2
-projectPath
C:/Users/ebenm/Documents/GitHub/Game_Jam_Group4/(Working Title) Group 4 game
-logFile
Logs/AssetImportWorker2.log
-srvPort
61587
Successfully changed project path to: C:/Users/ebenm/Documents/GitHub/Game_Jam_Group4/(Working Title) Group 4 game
C:/Users/ebenm/Documents/GitHub/Game_Jam_Group4/(Working Title) Group 4 game
[UnityMemory] Configuration Parameters - Can be set up in boot.config
    "memorysetup-bucket-allocator-granularity=16"
    "memorysetup-bucket-allocator-bucket-count=8"
    "memorysetup-bucket-allocator-block-size=33554432"
    "memorysetup-bucket-allocator-block-count=8"
    "memorysetup-main-allocator-block-size=16777216"
    "memorysetup-thread-allocator-block-size=16777216"
    "memorysetup-gfx-main-allocator-block-size=16777216"
    "memorysetup-gfx-thread-allocator-block-size=16777216"
    "memorysetup-cache-allocator-block-size=4194304"
    "memorysetup-typetree-allocator-block-size=2097152"
    "memorysetup-profiler-bucket-allocator-granularity=16"
    "memorysetup-profiler-bucket-allocator-bucket-count=8"
    "memorysetup-profiler-bucket-allocator-block-size=33554432"
    "memorysetup-profiler-bucket-allocator-block-count=8"
    "memorysetup-profiler-allocator-block-size=16777216"
    "memorysetup-profiler-editor-allocator-block-size=1048576"
    "memorysetup-temp-allocator-size-main=16777216"
    "memorysetup-job-temp-allocator-block-size=2097152"
    "memorysetup-job-temp-allocator-block-size-background=1048576"
    "memorysetup-job-temp-allocator-reduction-small-platforms=262144"
    "memorysetup-allocator-temp-initial-block-size-main=262144"
    "memorysetup-allocator-temp-initial-block-size-worker=262144"
    "memorysetup-temp-allocator-size-background-worker=32768"
    "memorysetup-temp-allocator-size-job-worker=262144"
    "memorysetup-temp-allocator-size-preload-manager=33554432"
    "memorysetup-temp-allocator-size-nav-mesh-worker=65536"
    "memorysetup-temp-allocator-size-audio-worker=65536"
    "memorysetup-temp-allocator-size-cloud-worker=32768"
    "memorysetup-temp-allocator-size-gi-baking-worker=262144"
    "memorysetup-temp-allocator-size-gfx=262144"
Player connection [46600] Host "[IP] 192.168.68.125 [Port] 0 [Flags] 2 [Guid] 1043082824 [EditorId] 1043082824 [Version] 1048832 [Id] WindowsEditor(7,PC-1) [Debug] 1 [PackageName] WindowsEditor [ProjectName] Editor" joined multi-casting on [225.0.0.222:54997]...

Player connection [46600] Host "[IP] 192.168.68.125 [Port] 0 [Flags] 2 [Guid] 1043082824 [EditorId] 1043082824 [Version] 1048832 [Id] WindowsEditor(7,PC-1) [Debug] 1 [PackageName] WindowsEditor [ProjectName] Editor" joined alternative multi-casting on [225.0.0.222:34997]...

[Physics::Module] Initialized MultithreadedJobDispatcher with 19 workers.
Refreshing native plugins compatible for Editor in 6.31 ms, found 3 plugins.
Preloading 0 native plugins for Editor in 0.00 ms.
Initialize engine version: 2022.3.17f1 (4fc78088f837)
[Subsystems] Discovering subsystems at path C:/Program Files/Unity/Hub/Editor/2022.3.17f1/Editor/Data/Resources/UnitySubsystems
[Subsystems] Discovering subsystems at path C:/Users/ebenm/Documents/GitHub/Game_Jam_Group4/(Working Title) Group 4 game/Assets
GfxDevice: creating device client; threaded=0; jobified=0
Direct3D:
    Version:  Direct3D 11.0 [level 11.1]
    Renderer: NVIDIA GeForce RTX 4060 Ti (ID=0x2805)
    Vendor:   NVIDIA
    VRAM:     16109 MB
    Driver:   32.0.15.6081
Initialize mono
Mono path[0] = 'C:/Program Files/Unity/Hub/Editor/2022.3.17f1/Editor/Data/Managed'
Mono path[1] = 'C:/Program Files/Unity/Hub/Editor/2022.3.17f1/Editor/Data/MonoBleedingEdge/lib/mono/unityjit-win32'
Mono config path = 'C:/Program Files/Unity/Hub/Editor/2022.3.17f1/Editor/Data/MonoBleedingEdge/etc'
Using monoOptions --debugger-agent=transport=dt_socket,embedding=1,server=y,suspend=n,address=127.0.0.1:56624
Begin MonoManager ReloadAssembly
Registering precompiled unity dll's ...
Register platform support module: C:/Program Files/Unity/Hub/Editor/2022.3.17f1/Editor/Data/PlaybackEngines/WindowsStandaloneSupport/UnityEditor.WindowsStandalone.Extensions.dll
Registered in 0.006352 seconds.
- Loaded All Assemblies, in  0.275 seconds
Native extension for WindowsStandalone target not found
Mono: successfully reloaded assembly
- Finished resetting the current domain, in  0.211 seconds
Domain Reload Profiling: 484ms
	BeginReloadAssembly (84ms)
		ExecutionOrderSort (0ms)
		DisableScriptedObjects (0ms)
		BackupInstance (0ms)
		ReleaseScriptingObjects (0ms)
		CreateAndSetChildDomain (1ms)
	RebuildCommonClasses (26ms)
	RebuildNativeTypeToScriptingClass (8ms)
	initialDomainReloadingComplete (46ms)
	LoadAllAssembliesAndSetupDomain (109ms)
		LoadAssemblies (83ms)
		RebuildTransferFunctionScriptingTraits (0ms)
		AnalyzeDomain (107ms)
			TypeCache.Refresh (106ms)
				TypeCache.ScanAssembly (94ms)
			ScanForSourceGeneratedMonoScriptInfo (0ms)
			ResolveRequiredComponents (0ms)
	FinalizeReload (211ms)
		ReleaseScriptCaches (0ms)
		RebuildScriptCaches (0ms)
		SetupLoadedEditorAssemblies (168ms)
			LogAssemblyErrors (0ms)
			InitializePlatformSupportModulesInManaged (7ms)
			SetLoadedEditorAssemblies (6ms)
			RefreshPlugins (0ms)
			BeforeProcessingInitializeOnLoad (2ms)
			ProcessInitializeOnLoadAttributes (115ms)
			ProcessInitializeOnLoadMethodAttributes (38ms)
			AfterProcessingInitializeOnLoad (0ms)
			EditorAssembliesLoaded (0ms)
		ExecutionOrderSort2 (0ms)
		AwakeInstancesAfterBackupRestoration (0ms)
========================================================================
Worker process is ready to serve import requests
Begin MonoManager ReloadAssembly
- Loaded All Assemblies, in  0.501 seconds
Refreshing native plugins compatible for Editor in 2.08 ms, found 3 plugins.
Native extension for WindowsStandalone target not found
Package Manager log level set to [2]
[Package Manager] Server::EnsureServerProcessIsRunning -- launch failed, reason: Unity was launched with the -noUpm command-line argument
[Package Manager] UpmClient::Send -- Unable to send message (not connected to UPM process).
[Package Manager] Cannot connect to Unity Package Manager local server
Mono: successfully reloaded assembly
- Finished resetting the current domain, in  0.551 seconds
Domain Reload Profiling: 1050ms
	BeginReloadAssembly (114ms)
		ExecutionOrderSort (0ms)
		DisableScriptedObjects (4ms)
		BackupInstance (0ms)
		ReleaseScriptingObjects (0ms)
		CreateAndSetChildDomain (18ms)
	RebuildCommonClasses (29ms)
	RebuildNativeTypeToScriptingClass (7ms)
	initialDomainReloadingComplete (43ms)
	LoadAllAssembliesAndSetupDomain (305ms)
		LoadAssemblies (240ms)
		RebuildTransferFunctionScriptingTraits (0ms)
		AnalyzeDomain (130ms)
			TypeCache.Refresh (115ms)
				TypeCache.ScanAssembly (102ms)
			ScanForSourceGeneratedMonoScriptInfo (11ms)
			ResolveRequiredComponents (3ms)
	FinalizeReload (551ms)
		ReleaseScriptCaches (0ms)
		RebuildScriptCaches (0ms)
		SetupLoadedEditorAssemblies (439ms)
			LogAssemblyErrors (0ms)
			InitializePlatformSupportModulesInManaged (5ms)
			SetLoadedEditorAssemblies (3ms)
			RefreshPlugins (0ms)
			BeforeProcessingInitializeOnLoad (41ms)
			ProcessInitializeOnLoadAttributes (366ms)
			ProcessInitializeOnLoadMethodAttributes (18ms)
			AfterProcessingInitializeOnLoad (6ms)
			EditorAssembliesLoaded (0ms)
		ExecutionOrderSort2 (0ms)
		AwakeInstancesAfterBackupRestoration (5ms)
Launched and connected shader compiler UnityShaderCompiler.exe after 0.04 seconds
Refreshing native plugins compatible for Editor in 3.40 ms, found 3 plugins.
Preloading 0 native plugins for Editor in 0.00 ms.
Unloading 3143 Unused Serialized files (Serialized files now loaded: 0)
Unloading 32 unused Assets / (57.5 KB). Loaded Objects now: 3607.
Memory consumption went from 129.2 MB to 129.1 MB.
Total: 3.594800 ms (FindLiveObjects: 0.247300 ms CreateObjectMapping: 0.146100 ms MarkObjects: 3.062400 ms  DeleteObjects: 0.137200 ms)

AssetImportParameters requested are different than current active one (requested -> active):
  custom:container-demuxer-ogg: 62fdf1f143b41e24485cea50d1cbac27 -> 
  custom:video-codec-MediaFoundation-h265: 746d11721c4dcdbdad8f713fa42b33f4 -> 
  custom:video-decoder-ogg-theora: a1e56fd34408186e4bbccfd4996cb3dc -> 
  custom:framework-win-MediaFoundation: 216162199b28c13a410421893ffa2e32 -> 
  custom:CustomObjectIndexerAttribute: 6d391050e5a25f67b0a2c618074f2cd9 -> 
  custom:container-demuxer-webm: 4f35f7cbe854078d1ac9338744f61a02 -> 
  custom:container-muxer-webm: aa71ff27fc2769a1b78a27578f13a17b -> 
  custom:video-decoder-webm-vp8: 9c59270c3fd7afecdb556c50c9e8de78 -> 
  custom:SearchIndexIgnoredProperties: e643bd26f0fe6173181afceb89e7c659 -> 
  custom:AudioImporter_EditorPlatform: d09bf68614088b80899f8185d706f6e7 -> 
  custom:video-encoder-webm-vp8: eb34c28f22e8b96e1ab97ce403110664 -> 
  custom:audio-decoder-ogg-vorbis: bf7c407c2cedff20999df2af8eb42d56 -> 
  custom:audio-encoder-webm-vorbis: bf7c407c2cedff20999df2af8eb42d56 -> 
========================================================================
Received Import Request.
  Time since last request: 514455.425075 seconds.
  path: Assets/Models/KeyBoard.fbx
  artifactKey: Guid(e5510ea425e2c51418f5f7dd9544f741) Importer(815301076,1909f56bfc062723c751e8b465ee728b)
Start importing Assets/Models/KeyBoard.fbx using Guid(e5510ea425e2c51418f5f7dd9544f741) Importer(815301076,1909f56bfc062723c751e8b465ee728b)  -> (artifact id: '501151956d44af272c85acec8eec7576') in 0.152216 seconds
Number of updated asset objects reloaded before import = 0
Number of asset objects unloaded after import = 22
========================================================================
Received Import Request.
  Time since last request: 0.000029 seconds.
  path: Assets/Models/lamp.fbx
  artifactKey: Guid(2c9e42606eeb4024f805f432dcb9e188) Importer(815301076,1909f56bfc062723c751e8b465ee728b)
Start importing Assets/Models/lamp.fbx using Guid(2c9e42606eeb4024f805f432dcb9e188) Importer(815301076,1909f56bfc062723c751e8b465ee728b)  -> (artifact id: 'eb9728f31333a0bf2fd12d47e34ab437') in 0.036307 seconds
Number of updated asset objects reloaded before import = 0
Number of asset objects unloaded after import = 13
========================================================================
Received Import Request.
  Time since last request: 19.928182 seconds.
  path: Assets/Textures/Lamp/lamp_base_Emissive.png
  artifactKey: Guid(e346ee71945ac1646bb34ec29c45d4c1) Importer(815301076,1909f56bfc062723c751e8b465ee728b)
Start importing Assets/Textures/Lamp/lamp_base_Emissive.png using Guid(e346ee71945ac1646bb34ec29c45d4c1) Importer(815301076,1909f56bfc062723c751e8b465ee728b)  -> (artifact id: 'a964bb5e386f14e3c3a3cc36baafb43c') in 0.030634 seconds
Number of updated asset objects reloaded before import = 0
Number of asset objects unloaded after import = 2
========================================================================
Received Import Request.
  Time since last request: 0.000017 seconds.
  path: Assets/Textures/Lamp/lamp_shadeunderside_Emissive.png
  artifactKey: Guid(d1274e2b838498c488d1981204223893) Importer(815301076,1909f56bfc062723c751e8b465ee728b)
Start importing Assets/Textures/Lamp/lamp_shadeunderside_Emissive.png using Guid(d1274e2b838498c488d1981204223893) Importer(815301076,1909f56bfc062723c751e8b465ee728b)  -> (artifact id: '564229811cd570a548b06195b25d0a7c') in 0.010498 seconds
Number of updated asset objects reloaded before import = 0
Number of asset objects unloaded after import = 2
========================================================================
Received Import Request.
  Time since last request: 0.000020 seconds.
  path: Assets/Textures/Lamp/lamp_shade_Normal.png
  artifactKey: Guid(3d6aa166fd122064e861d44adc3b6e49) Importer(815301076,1909f56bfc062723c751e8b465ee728b)
Start importing Assets/Textures/Lamp/lamp_shade_Normal.png using Guid(3d6aa166fd122064e861d44adc3b6e49) Importer(815301076,1909f56bfc062723c751e8b465ee728b)  -> (artifact id: '66d1defd6c6c7137011ab9fdf1f00748') in 0.014373 seconds
Number of updated asset objects reloaded before import = 0
Number of asset objects unloaded after import = 2
========================================================================
Received Import Request.
  Time since last request: 0.000016 seconds.
  path: Assets/Textures/Lamp/lamp_shade_Metallic.png
  artifactKey: Guid(58902cc65b858cf4dae9facce4a4caab) Importer(815301076,1909f56bfc062723c751e8b465ee728b)
Start importing Assets/Textures/Lamp/lamp_shade_Metallic.png using Guid(58902cc65b858cf4dae9facce4a4caab) Importer(815301076,1909f56bfc062723c751e8b465ee728b)  -> (artifact id: '78aa6efb62eb4195307a182c3baf3636') in 0.008769 seconds
Number of updated asset objects reloaded before import = 0
Number of asset objects unloaded after import = 2
========================================================================
Received Import Request.
  Time since last request: 0.000013 seconds.
  path: Assets/Textures/Lamp/lamp_lambert1_Height.png
  artifactKey: Guid(622a74c1febdd3e4eacbec3a9502e6b7) Importer(815301076,1909f56bfc062723c751e8b465ee728b)
Start importing Assets/Textures/Lamp/lamp_lambert1_Height.png using Guid(622a74c1febdd3e4eacbec3a9502e6b7) Importer(815301076,1909f56bfc062723c751e8b465ee728b)  -> (artifact id: '7cb54795aa21ffb62e01a3f3bda7e21c') in 0.016143 seconds
Number of updated asset objects reloaded before import = 0
Number of asset objects unloaded after import = 2
========================================================================
Received Import Request.
  Time since last request: 0.000014 seconds.
  path: Assets/Textures/Lamp/lamp_shadeunderside_Height.png
  artifactKey: Guid(1e14a5aee7a63fe4d9d1b55578f232e6) Importer(815301076,1909f56bfc062723c751e8b465ee728b)
Start importing Assets/Textures/Lamp/lamp_shadeunderside_Height.png using Guid(1e14a5aee7a63fe4d9d1b55578f232e6) Importer(815301076,1909f56bfc062723c751e8b465ee728b)  -> (artifact id: '7233495f3b8b4818feda463b4196628d') in 0.010932 seconds
Number of updated asset objects reloaded before import = 0
Number of asset objects unloaded after import = 2
========================================================================
Received Import Request.
  Time since last request: 0.000013 seconds.
  path: Assets/Textures/Lamp/lamp_bulb_Metallic.png
  artifactKey: Guid(b18655ad1cc21b44d876308776d51bae) Importer(815301076,1909f56bfc062723c751e8b465ee728b)
Start importing Assets/Textures/Lamp/lamp_bulb_Metallic.png using Guid(b18655ad1cc21b44d876308776d51bae) Importer(815301076,1909f56bfc062723c751e8b465ee728b)  -> (artifact id: 'c62ff07c4dff992e2affeac92b3eb45f') in 0.014925 seconds
Number of updated asset objects reloaded before import = 0
Number of asset objects unloaded after import = 2
========================================================================
Received Import Request.
  Time since last request: 0.000018 seconds.
  path: Assets/Textures/Lamp/lamp_shade_Height.png
  artifactKey: Guid(7d81c90769a516644804f72a1773dcca) Importer(815301076,1909f56bfc062723c751e8b465ee728b)
Start importing Assets/Textures/Lamp/lamp_shade_Height.png using Guid(7d81c90769a516644804f72a1773dcca) Importer(815301076,1909f56bfc062723c751e8b465ee728b)  -> (artifact id: 'ab990137c3cd965a5743444da7714c14') in 0.007979 seconds
Number of updated asset objects reloaded before import = 0
Number of asset objects unloaded after import = 2
========================================================================
Received Import Request.
  Time since last request: 9.237759 seconds.
  path: Assets/Materials/KeyBoard.mat
  artifactKey: Guid(d428cc4123fd6db4795761ee453cb68d) Importer(815301076,1909f56bfc062723c751e8b465ee728b)
Start importing Assets/Materials/KeyBoard.mat using Guid(d428cc4123fd6db4795761ee453cb68d) Importer(815301076,1909f56bfc062723c751e8b465ee728b)  -> (artifact id: '23f50c97b5eaa144f419cb3096241a40') in 0.056875 seconds
Number of updated asset objects reloaded before import = 0
Number of asset objects unloaded after import = 4
========================================================================
Received Import Request.
  Time since last request: 0.000013 seconds.
  path: Assets/Materials/Wire.mat
  artifactKey: Guid(e6ab8f9daf091ec48b08aa9c76572960) Importer(815301076,1909f56bfc062723c751e8b465ee728b)
Start importing Assets/Materials/Wire.mat using Guid(e6ab8f9daf091ec48b08aa9c76572960) Importer(815301076,1909f56bfc062723c751e8b465ee728b)  -> (artifact id: '27734ef709212988509e49a36773c4e0') in 0.027133 seconds
Number of updated asset objects reloaded before import = 0
Number of asset objects unloaded after import = 4
========================================================================
Received Import Request.
  Time since last request: 0.000017 seconds.
  path: Assets/Materials/PC.mat
  artifactKey: Guid(f32dc6acc031a26408312a1a57aebbfc) Importer(815301076,1909f56bfc062723c751e8b465ee728b)
Start importing Assets/Materials/PC.mat using Guid(f32dc6acc031a26408312a1a57aebbfc) Importer(815301076,1909f56bfc062723c751e8b465ee728b)  -> (artifact id: '2ceb7d5d5800f6f3ea17529c341a49b8') in 0.027369 seconds
Number of updated asset objects reloaded before import = 0
Number of asset objects unloaded after import = 4
========================================================================
Received Import Request.
  Time since last request: 28.916787 seconds.
  path: Assets/Prefabs/KeyBoard.prefab
  artifactKey: Guid(49e310e075740eb49bee96273009c7d6) Importer(815301076,1909f56bfc062723c751e8b465ee728b)
Start importing Assets/Prefabs/KeyBoard.prefab using Guid(49e310e075740eb49bee96273009c7d6) Importer(815301076,1909f56bfc062723c751e8b465ee728b)  -> (artifact id: 'ab36c70fa8b207eb5f3ad49bcb240ed4') in 0.056886 seconds
Number of updated asset objects reloaded before import = 0
Number of asset objects unloaded after import = 50
========================================================================
Received Import Request.
  Time since last request: 0.000017 seconds.
  path: Assets/Prefabs/streetlamp.prefab
  artifactKey: Guid(191ae5fed3fd5294fafb0d52e0b31f72) Importer(815301076,1909f56bfc062723c751e8b465ee728b)
Start importing Assets/Prefabs/streetlamp.prefab using Guid(191ae5fed3fd5294fafb0d52e0b31f72) Importer(815301076,1909f56bfc062723c751e8b465ee728b)  -> (artifact id: 'a9d103f088149c5e7364e9e6202a433c') in 0.013424 seconds
Number of updated asset objects reloaded before import = 0
Number of asset objects unloaded after import = 15
========================================================================
Received Import Request.
  Time since last request: 159.860388 seconds.
  path: Assets/Textures/Hallway/CC6512241P6CC65_500x500.jpg
  artifactKey: Guid(9839064562d8c4b44a42a468eaf2621b) Importer(815301076,1909f56bfc062723c751e8b465ee728b)
Start importing Assets/Textures/Hallway/CC6512241P6CC65_500x500.jpg using Guid(9839064562d8c4b44a42a468eaf2621b) Importer(815301076,1909f56bfc062723c751e8b465ee728b)  -> (artifact id: 'ae30fea636b5a92b0a3bdaafe19f2dd5') in 0.030770 seconds
Number of updated asset objects reloaded before import = 0
Number of asset objects unloaded after import = 2
========================================================================
Received Import Request.
  Time since last request: 0.000038 seconds.
  path: Assets/Textures/Hallway/On the Woodshop Wall - cool tan.jpg
  artifactKey: Guid(4e3abba61218c384a92a24f2fde172ea) Importer(815301076,1909f56bfc062723c751e8b465ee728b)
Start importing Assets/Textures/Hallway/On the Woodshop Wall - cool tan.jpg using Guid(4e3abba61218c384a92a24f2fde172ea) Importer(815301076,1909f56bfc062723c751e8b465ee728b)  -> (artifact id: '9ddafb16a0fca3c105e7d493309fefc8') in 0.014550 seconds
Number of updated asset objects reloaded before import = 0
Number of asset objects unloaded after import = 2
========================================================================
Received Import Request.
  Time since last request: 707.749297 seconds.
  path: Assets/Textures/Phone/phone_greyplastic_Emissive.png
  artifactKey: Guid(a95b955f596ec084abe33c11a6ea0138) Importer(815301076,1909f56bfc062723c751e8b465ee728b)
Start importing Assets/Textures/Phone/phone_greyplastic_Emissive.png using Guid(a95b955f596ec084abe33c11a6ea0138) Importer(815301076,1909f56bfc062723c751e8b465ee728b)  -> (artifact id: '54072e976727328ae1c9f6c6fdb755a7') in 0.013149 seconds
Number of updated asset objects reloaded before import = 0
Number of asset objects unloaded after import = 2
========================================================================
Received Import Request.
  Time since last request: 0.001870 seconds.
  path: Assets/Textures/Phone/phone_greyplastic_Metallic.png
  artifactKey: Guid(c1bbf21a551c14749990a0de766b34d8) Importer(815301076,1909f56bfc062723c751e8b465ee728b)
Start importing Assets/Textures/Phone/phone_greyplastic_Metallic.png using Guid(c1bbf21a551c14749990a0de766b34d8) Importer(815301076,1909f56bfc062723c751e8b465ee728b)  -> (artifact id: '69651be43dc060f2cf7a1766ceafd81d') in 0.009837 seconds
Number of updated asset objects reloaded before import = 0
Number of asset objects unloaded after import = 2
========================================================================
Received Import Request.
  Time since last request: 0.000178 seconds.
  path: Assets/Textures/Phone/phone_whiteplastic_Metallic.png
  artifactKey: Guid(d825c5aab2019fa4b98aefc9fd6eb2bb) Importer(815301076,1909f56bfc062723c751e8b465ee728b)
Start importing Assets/Textures/Phone/phone_whiteplastic_Metallic.png using Guid(d825c5aab2019fa4b98aefc9fd6eb2bb) Importer(815301076,1909f56bfc062723c751e8b465ee728b)  -> (artifact id: 'eca76f1dba6defa20079fa0e73948fcd') in 0.011288 seconds
Number of updated asset objects reloaded before import = 0
Number of asset objects unloaded after import = 2
========================================================================
Received Import Request.
  Time since last request: 0.000015 seconds.
  path: Assets/Textures/Phone/phone_whiteplastic_Normal.png
  artifactKey: Guid(e8ae89cac18d10d41a01e57739032596) Importer(815301076,1909f56bfc062723c751e8b465ee728b)
Start importing Assets/Textures/Phone/phone_whiteplastic_Normal.png using Guid(e8ae89cac18d10d41a01e57739032596) Importer(815301076,1909f56bfc062723c751e8b465ee728b)  -> (artifact id: '1399f5ac68106ae94b9ed7571222d90b') in 0.015672 seconds
Number of updated asset objects reloaded before import = 0
Number of asset objects unloaded after import = 2
========================================================================
Received Import Request.
  Time since last request: 0.000015 seconds.
  path: Assets/Textures/Phone/phone_greyplastic_Normal.png
  artifactKey: Guid(15d1bd53d123b624e825d36bba37106f) Importer(815301076,1909f56bfc062723c751e8b465ee728b)
Start importing Assets/Textures/Phone/phone_greyplastic_Normal.png using Guid(15d1bd53d123b624e825d36bba37106f) Importer(815301076,1909f56bfc062723c751e8b465ee728b)  -> (artifact id: '4ca5c2915add5d42b838ef5cf5af558f') in 0.035165 seconds
Number of updated asset objects reloaded before import = 0
Number of asset objects unloaded after import = 2
========================================================================
Received Import Request.
  Time since last request: 0.000316 seconds.
  path: Assets/Textures/Phone/phone_whiteplastic_Roughness.png
  artifactKey: Guid(8c6ae78457fee334494e499d8259c16d) Importer(815301076,1909f56bfc062723c751e8b465ee728b)
Start importing Assets/Textures/Phone/phone_whiteplastic_Roughness.png using Guid(8c6ae78457fee334494e499d8259c16d) Importer(815301076,1909f56bfc062723c751e8b465ee728b)  -> (artifact id: '4a00afd7d8858f78afdf2856b94dc999') in 0.020132 seconds
Number of updated asset objects reloaded before import = 0
Number of asset objects unloaded after import = 2
Editor requested this worker to shutdown with reason: Scaling down because of idle timeout
TcpMessagingSession - receive error: operation aborted. errorcode: 995, details: The I/O operation has been aborted because of either a thread exit or an application request.
AssetImportWorker is now disconnected from the server
Process exiting
Exiting without the bug reporter. Application will terminate with return code 0