Using pre-set license
Built from '2022.3/staging' branch; Version is '2022.3.17f1 (4fc78088f837) revision 5228416'; Using compiler version '192829333'; Build Type 'Release'
OS: 'Windows 11  (10.0.22631) 64bit Professional' Language: 'en' Physical Memory: 32509 MB
BatchMode: 1, IsHumanControllingUs: 0, StartBugReporterOnCrash: 0, Is64bit: 1, IsPro: 1

COMMAND LINE ARGUMENTS:
C:\Program Files\Unity\Hub\Editor\2022.3.17f1\Editor\Unity.exe
-adb2
-batchMode
-noUpm
-name
AssetImportWorker0
-projectPath
C:/Users/ebenm/Documents/GitHub/Game_Jam_Group4/(Working Title) Group 4 game
-logFile
Logs/AssetImportWorker0.log
-srvPort
59270
Successfully changed project path to: C:/Users/ebenm/Documents/GitHub/Game_Jam_Group4/(Working Title) Group 4 game
C:/Users/ebenm/Documents/GitHub/Game_Jam_Group4/(Working Title) Group 4 game
[UnityMemory] Configuration Parameters - Can be set up in boot.config
    "memorysetup-bucket-allocator-granularity=16"
    "memorysetup-bucket-allocator-bucket-count=8"
    "memorysetup-bucket-allocator-block-size=33554432"
    "memorysetup-bucket-allocator-block-count=8"
    "memorysetup-main-allocator-block-size=16777216"
    "memorysetup-thread-allocator-block-size=16777216"
    "memorysetup-gfx-main-allocator-block-size=16777216"
    "memorysetup-gfx-thread-allocator-block-size=16777216"
    "memorysetup-cache-allocator-block-size=4194304"
    "memorysetup-typetree-allocator-block-size=2097152"
    "memorysetup-profiler-bucket-allocator-granularity=16"
    "memorysetup-profiler-bucket-allocator-bucket-count=8"
    "memorysetup-profiler-bucket-allocator-block-size=33554432"
    "memorysetup-profiler-bucket-allocator-block-count=8"
    "memorysetup-profiler-allocator-block-size=16777216"
    "memorysetup-profiler-editor-allocator-block-size=1048576"
    "memorysetup-temp-allocator-size-main=16777216"
    "memorysetup-job-temp-allocator-block-size=2097152"
    "memorysetup-job-temp-allocator-block-size-background=1048576"
    "memorysetup-job-temp-allocator-reduction-small-platforms=262144"
    "memorysetup-allocator-temp-initial-block-size-main=262144"
    "memorysetup-allocator-temp-initial-block-size-worker=262144"
    "memorysetup-temp-allocator-size-background-worker=32768"
    "memorysetup-temp-allocator-size-job-worker=262144"
    "memorysetup-temp-allocator-size-preload-manager=33554432"
    "memorysetup-temp-allocator-size-nav-mesh-worker=65536"
    "memorysetup-temp-allocator-size-audio-worker=65536"
    "memorysetup-temp-allocator-size-cloud-worker=32768"
    "memorysetup-temp-allocator-size-gi-baking-worker=262144"
    "memorysetup-temp-allocator-size-gfx=262144"
Player connection [65664] Host "[IP] 192.168.68.125 [Port] 0 [Flags] 2 [Guid] 1026891719 [EditorId] 1026891719 [Version] 1048832 [Id] WindowsEditor(7,PC-1) [Debug] 1 [PackageName] WindowsEditor [ProjectName] Editor" joined multi-casting on [225.0.0.222:54997]...

Player connection [65664] Host "[IP] 192.168.68.125 [Port] 0 [Flags] 2 [Guid] 1026891719 [EditorId] 1026891719 [Version] 1048832 [Id] WindowsEditor(7,PC-1) [Debug] 1 [PackageName] WindowsEditor [ProjectName] Editor" joined alternative multi-casting on [225.0.0.222:34997]...

[Physics::Module] Initialized MultithreadedJobDispatcher with 19 workers.
Refreshing native plugins compatible for Editor in 6.04 ms, found 3 plugins.
Preloading 0 native plugins for Editor in 0.00 ms.
Initialize engine version: 2022.3.17f1 (4fc78088f837)
[Subsystems] Discovering subsystems at path C:/Program Files/Unity/Hub/Editor/2022.3.17f1/Editor/Data/Resources/UnitySubsystems
[Subsystems] Discovering subsystems at path C:/Users/ebenm/Documents/GitHub/Game_Jam_Group4/(Working Title) Group 4 game/Assets
GfxDevice: creating device client; threaded=0; jobified=0
Direct3D:
    Version:  Direct3D 11.0 [level 11.1]
    Renderer: NVIDIA GeForce RTX 4060 Ti (ID=0x2805)
    Vendor:   NVIDIA
    VRAM:     16109 MB
    Driver:   32.0.15.6081
Initialize mono
Mono path[0] = 'C:/Program Files/Unity/Hub/Editor/2022.3.17f1/Editor/Data/Managed'
Mono path[1] = 'C:/Program Files/Unity/Hub/Editor/2022.3.17f1/Editor/Data/MonoBleedingEdge/lib/mono/unityjit-win32'
Mono config path = 'C:/Program Files/Unity/Hub/Editor/2022.3.17f1/Editor/Data/MonoBleedingEdge/etc'
Using monoOptions --debugger-agent=transport=dt_socket,embedding=1,server=y,suspend=n,address=127.0.0.1:56068
Begin MonoManager ReloadAssembly
Registering precompiled unity dll's ...
Register platform support module: C:/Program Files/Unity/Hub/Editor/2022.3.17f1/Editor/Data/PlaybackEngines/WindowsStandaloneSupport/UnityEditor.WindowsStandalone.Extensions.dll
Registered in 0.004926 seconds.
- Loaded All Assemblies, in  0.388 seconds
Native extension for WindowsStandalone target not found
Mono: successfully reloaded assembly
- Finished resetting the current domain, in  0.204 seconds
Domain Reload Profiling: 591ms
	BeginReloadAssembly (150ms)
		ExecutionOrderSort (0ms)
		DisableScriptedObjects (0ms)
		BackupInstance (0ms)
		ReleaseScriptingObjects (0ms)
		CreateAndSetChildDomain (1ms)
	RebuildCommonClasses (35ms)
	RebuildNativeTypeToScriptingClass (7ms)
	initialDomainReloadingComplete (46ms)
	LoadAllAssembliesAndSetupDomain (148ms)
		LoadAssemblies (150ms)
		RebuildTransferFunctionScriptingTraits (0ms)
		AnalyzeDomain (145ms)
			TypeCache.Refresh (144ms)
				TypeCache.ScanAssembly (128ms)
			ScanForSourceGeneratedMonoScriptInfo (0ms)
			ResolveRequiredComponents (0ms)
	FinalizeReload (204ms)
		ReleaseScriptCaches (0ms)
		RebuildScriptCaches (0ms)
		SetupLoadedEditorAssemblies (164ms)
			LogAssemblyErrors (0ms)
			InitializePlatformSupportModulesInManaged (6ms)
			SetLoadedEditorAssemblies (5ms)
			RefreshPlugins (0ms)
			BeforeProcessingInitializeOnLoad (1ms)
			ProcessInitializeOnLoadAttributes (113ms)
			ProcessInitializeOnLoadMethodAttributes (37ms)
			AfterProcessingInitializeOnLoad (0ms)
			EditorAssembliesLoaded (0ms)
		ExecutionOrderSort2 (0ms)
		AwakeInstancesAfterBackupRestoration (0ms)
========================================================================
Worker process is ready to serve import requests
Begin MonoManager ReloadAssembly
- Loaded All Assemblies, in  0.591 seconds
Refreshing native plugins compatible for Editor in 2.17 ms, found 3 plugins.
Native extension for WindowsStandalone target not found
Package Manager log level set to [2]
[Package Manager] Server::EnsureServerProcessIsRunning -- launch failed, reason: Unity was launched with the -noUpm command-line argument
[Package Manager] UpmClient::Send -- Unable to send message (not connected to UPM process).
[Package Manager] Cannot connect to Unity Package Manager local server
Mono: successfully reloaded assembly
- Finished resetting the current domain, in  0.548 seconds
Domain Reload Profiling: 1137ms
	BeginReloadAssembly (117ms)
		ExecutionOrderSort (0ms)
		DisableScriptedObjects (4ms)
		BackupInstance (0ms)
		ReleaseScriptingObjects (0ms)
		CreateAndSetChildDomain (14ms)
	RebuildCommonClasses (23ms)
	RebuildNativeTypeToScriptingClass (7ms)
	initialDomainReloadingComplete (30ms)
	LoadAllAssembliesAndSetupDomain (411ms)
		LoadAssemblies (298ms)
		RebuildTransferFunctionScriptingTraits (0ms)
		AnalyzeDomain (183ms)
			TypeCache.Refresh (163ms)
				TypeCache.ScanAssembly (149ms)
			ScanForSourceGeneratedMonoScriptInfo (16ms)
			ResolveRequiredComponents (3ms)
	FinalizeReload (549ms)
		ReleaseScriptCaches (0ms)
		RebuildScriptCaches (0ms)
		SetupLoadedEditorAssemblies (433ms)
			LogAssemblyErrors (0ms)
			InitializePlatformSupportModulesInManaged (5ms)
			SetLoadedEditorAssemblies (3ms)
			RefreshPlugins (0ms)
			BeforeProcessingInitializeOnLoad (44ms)
			ProcessInitializeOnLoadAttributes (361ms)
			ProcessInitializeOnLoadMethodAttributes (16ms)
			AfterProcessingInitializeOnLoad (4ms)
			EditorAssembliesLoaded (0ms)
		ExecutionOrderSort2 (0ms)
		AwakeInstancesAfterBackupRestoration (4ms)
Launched and connected shader compiler UnityShaderCompiler.exe after 0.05 seconds
Refreshing native plugins compatible for Editor in 2.37 ms, found 3 plugins.
Preloading 0 native plugins for Editor in 0.00 ms.
Unloading 3143 Unused Serialized files (Serialized files now loaded: 0)
Unloading 32 unused Assets / (57.0 KB). Loaded Objects now: 3607.
Memory consumption went from 129.2 MB to 129.2 MB.
Total: 2.516500 ms (FindLiveObjects: 0.158300 ms CreateObjectMapping: 0.082100 ms MarkObjects: 2.192100 ms  DeleteObjects: 0.082800 ms)

AssetImportParameters requested are different than current active one (requested -> active):
  custom:container-demuxer-ogg: 62fdf1f143b41e24485cea50d1cbac27 -> 
  custom:video-codec-MediaFoundation-h265: 746d11721c4dcdbdad8f713fa42b33f4 -> 
  custom:video-decoder-ogg-theora: a1e56fd34408186e4bbccfd4996cb3dc -> 
  custom:framework-win-MediaFoundation: 216162199b28c13a410421893ffa2e32 -> 
  custom:CustomObjectIndexerAttribute: 6d391050e5a25f67b0a2c618074f2cd9 -> 
  custom:container-demuxer-webm: 4f35f7cbe854078d1ac9338744f61a02 -> 
  custom:container-muxer-webm: aa71ff27fc2769a1b78a27578f13a17b -> 
  custom:video-decoder-webm-vp8: 9c59270c3fd7afecdb556c50c9e8de78 -> 
  custom:SearchIndexIgnoredProperties: e643bd26f0fe6173181afceb89e7c659 -> 
  custom:AudioImporter_EditorPlatform: d09bf68614088b80899f8185d706f6e7 -> 
  custom:video-encoder-webm-vp8: eb34c28f22e8b96e1ab97ce403110664 -> 
  custom:audio-decoder-ogg-vorbis: bf7c407c2cedff20999df2af8eb42d56 -> 
  custom:audio-encoder-webm-vorbis: bf7c407c2cedff20999df2af8eb42d56 -> 
========================================================================
Received Import Request.
  Time since last request: 703149.145307 seconds.
  path: Assets/Prefabs/Desk.prefab
  artifactKey: Guid(57a7836ed468fde459eccb08b51f79be) Importer(815301076,1909f56bfc062723c751e8b465ee728b)
Start importing Assets/Prefabs/Desk.prefab using Guid(57a7836ed468fde459eccb08b51f79be) Importer(815301076,1909f56bfc062723c751e8b465ee728b)  -> (artifact id: '37fdc4aea5d91bec7360bad2d852be60') in 0.218689 seconds
Number of updated asset objects reloaded before import = 0
Number of asset objects unloaded after import = 169
========================================================================
Received Import Request.
  Time since last request: 486.154168 seconds.
  path: Assets/Prefabs/Desk.prefab
  artifactKey: Guid(57a7836ed468fde459eccb08b51f79be) Importer(815301076,1909f56bfc062723c751e8b465ee728b)
Start importing Assets/Prefabs/Desk.prefab using Guid(57a7836ed468fde459eccb08b51f79be) Importer(815301076,1909f56bfc062723c751e8b465ee728b)  -> (artifact id: '2ee4d03efbcffffdfbed35684fef5e61') in 0.183161 seconds
Number of updated asset objects reloaded before import = 0
Number of asset objects unloaded after import = 252
========================================================================
Received Import Request.
  Time since last request: 2307.478290 seconds.
  path: Assets/Audio/breaking sound effect.mp3
  artifactKey: Guid(a2dc86d563c440a4f9c44874bf8115b3) Importer(815301076,1909f56bfc062723c751e8b465ee728b)
Start importing Assets/Audio/breaking sound effect.mp3 using Guid(a2dc86d563c440a4f9c44874bf8115b3) Importer(815301076,1909f56bfc062723c751e8b465ee728b)  -> (artifact id: '5404a5f66d5079365095cbad59bb2b1a') in 0.030625 seconds
Number of updated asset objects reloaded before import = 0
Number of asset objects unloaded after import = 2
========================================================================
Received Import Request.
  Time since last request: 0.000024 seconds.
  path: Assets/Audio/walking sound effect.mp3
  artifactKey: Guid(f41faab26c02f6b45b3046b37fa834c3) Importer(815301076,1909f56bfc062723c751e8b465ee728b)
Start importing Assets/Audio/walking sound effect.mp3 using Guid(f41faab26c02f6b45b3046b37fa834c3) Importer(815301076,1909f56bfc062723c751e8b465ee728b)  -> (artifact id: 'c46ff55172ea57727b7ac91e42a9d1d7') in 0.013777 seconds
Number of updated asset objects reloaded before import = 0
Number of asset objects unloaded after import = 2
========================================================================
Received Import Request.
  Time since last request: 46.005719 seconds.
  path: Assets/Audio/jumping sound effect.mp3
  artifactKey: Guid(acb3e51ce08359a46b53faccc96b19c8) Importer(815301076,1909f56bfc062723c751e8b465ee728b)
Start importing Assets/Audio/jumping sound effect.mp3 using Guid(acb3e51ce08359a46b53faccc96b19c8) Importer(815301076,1909f56bfc062723c751e8b465ee728b)  -> (artifact id: '6ad763e5722e840d19329f2202a9068a') in 0.000951 seconds
Number of updated asset objects reloaded before import = 0
Number of asset objects unloaded after import = 1
========================================================================
Received Prepare
Begin MonoManager ReloadAssembly
- Loaded All Assemblies, in  0.350 seconds
Refreshing native plugins compatible for Editor in 2.74 ms, found 3 plugins.
Native extension for WindowsStandalone target not found
[Package Manager] Server::EnsureServerProcessIsRunning -- launch failed, reason: Unity was launched with the -noUpm command-line argument
[Package Manager] UpmClient::Send -- Unable to send message (not connected to UPM process).
[Package Manager] Cannot connect to Unity Package Manager local server
Mono: successfully reloaded assembly
- Finished resetting the current domain, in  0.838 seconds
Domain Reload Profiling: 1186ms
	BeginReloadAssembly (116ms)
		ExecutionOrderSort (0ms)
		DisableScriptedObjects (3ms)
		BackupInstance (0ms)
		ReleaseScriptingObjects (0ms)
		CreateAndSetChildDomain (26ms)
	RebuildCommonClasses (22ms)
	RebuildNativeTypeToScriptingClass (8ms)
	initialDomainReloadingComplete (22ms)
	LoadAllAssembliesAndSetupDomain (180ms)
		LoadAssemblies (223ms)
		RebuildTransferFunctionScriptingTraits (0ms)
		AnalyzeDomain (16ms)
			TypeCache.Refresh (6ms)
				TypeCache.ScanAssembly (1ms)
			ScanForSourceGeneratedMonoScriptInfo (5ms)
			ResolveRequiredComponents (4ms)
	FinalizeReload (839ms)
		ReleaseScriptCaches (0ms)
		RebuildScriptCaches (0ms)
		SetupLoadedEditorAssemblies (373ms)
			LogAssemblyErrors (0ms)
			InitializePlatformSupportModulesInManaged (5ms)
			SetLoadedEditorAssemblies (2ms)
			RefreshPlugins (0ms)
			BeforeProcessingInitializeOnLoad (40ms)
			ProcessInitializeOnLoadAttributes (305ms)
			ProcessInitializeOnLoadMethodAttributes (16ms)
			AfterProcessingInitializeOnLoad (4ms)
			EditorAssembliesLoaded (0ms)
		ExecutionOrderSort2 (0ms)
		AwakeInstancesAfterBackupRestoration (4ms)
Refreshing native plugins compatible for Editor in 2.65 ms, found 3 plugins.
Preloading 0 native plugins for Editor in 0.00 ms.
Unloading 3124 Unused Serialized files (Serialized files now loaded: 0)
Unloading 23 unused Assets / (31.0 KB). Loaded Objects now: 3623.
Memory consumption went from 131.1 MB to 131.1 MB.
Total: 3.713300 ms (FindLiveObjects: 0.156500 ms CreateObjectMapping: 0.079900 ms MarkObjects: 3.436600 ms  DeleteObjects: 0.039600 ms)

Prepare: number of updated asset objects reloaded= 0
AssetImportParameters requested are different than current active one (requested -> active):
  custom:container-demuxer-ogg: 62fdf1f143b41e24485cea50d1cbac27 -> 
  custom:video-codec-MediaFoundation-h265: 746d11721c4dcdbdad8f713fa42b33f4 -> 
  custom:video-decoder-ogg-theora: a1e56fd34408186e4bbccfd4996cb3dc -> 
  custom:framework-win-MediaFoundation: 216162199b28c13a410421893ffa2e32 -> 
  custom:CustomObjectIndexerAttribute: 6d391050e5a25f67b0a2c618074f2cd9 -> 
  custom:container-demuxer-webm: 4f35f7cbe854078d1ac9338744f61a02 -> 
  custom:container-muxer-webm: aa71ff27fc2769a1b78a27578f13a17b -> 
  custom:video-decoder-webm-vp8: 9c59270c3fd7afecdb556c50c9e8de78 -> 
  custom:SearchIndexIgnoredProperties: e643bd26f0fe6173181afceb89e7c659 -> 
  custom:AudioImporter_EditorPlatform: d09bf68614088b80899f8185d706f6e7 -> 
  custom:video-encoder-webm-vp8: eb34c28f22e8b96e1ab97ce403110664 -> 
  custom:audio-decoder-ogg-vorbis: bf7c407c2cedff20999df2af8eb42d56 -> 
  custom:audio-encoder-webm-vorbis: bf7c407c2cedff20999df2af8eb42d56 -> 
========================================================================
Received Import Request.
  Time since last request: 916.485928 seconds.
  path: Assets/Models/office2.fbx
  artifactKey: Guid(7adfd42c17229734db811815f9a08a50) Importer(815301076,1909f56bfc062723c751e8b465ee728b)
Start importing Assets/Models/office2.fbx using Guid(7adfd42c17229734db811815f9a08a50) Importer(815301076,1909f56bfc062723c751e8b465ee728b)  -> (artifact id: '5a1fd5ee88b95afdb5791b80c8a3b1ee') in 0.270535 seconds
Number of updated asset objects reloaded before import = 0
Number of asset objects unloaded after import = 219
========================================================================
Received Import Request.
  Time since last request: 424.336542 seconds.
  path: Assets/Prefabs/Desk 1.prefab
  artifactKey: Guid(421486be8e743d3419e835e9be9f9b7f) Importer(815301076,1909f56bfc062723c751e8b465ee728b)
Start importing Assets/Prefabs/Desk 1.prefab using Guid(421486be8e743d3419e835e9be9f9b7f) Importer(815301076,1909f56bfc062723c751e8b465ee728b)  -> (artifact id: 'dd4c5c969c0986c5e5b2901198bc2d46') in 0.128142 seconds
Number of updated asset objects reloaded before import = 0
Number of asset objects unloaded after import = 211
========================================================================
Received Import Request.
  Time since last request: 44.155271 seconds.
  path: Assets/Prefabs/Desk 2.prefab
  artifactKey: Guid(0eec0dfe345aedf4e8b57b55261938f4) Importer(815301076,1909f56bfc062723c751e8b465ee728b)
Start importing Assets/Prefabs/Desk 2.prefab using Guid(0eec0dfe345aedf4e8b57b55261938f4) Importer(815301076,1909f56bfc062723c751e8b465ee728b)  -> (artifact id: 'df2d80337faea8aa74dcc65fb6f60436') in 0.098404 seconds
Number of updated asset objects reloaded before import = 0
Number of asset objects unloaded after import = 218
========================================================================
Received Import Request.
  Time since last request: 7.259941 seconds.
  path: Assets/Prefabs/Desk 3.prefab
  artifactKey: Guid(abb64d0f096dfea4d9847f5e15b9fc67) Importer(815301076,1909f56bfc062723c751e8b465ee728b)
Start importing Assets/Prefabs/Desk 3.prefab using Guid(abb64d0f096dfea4d9847f5e15b9fc67) Importer(815301076,1909f56bfc062723c751e8b465ee728b)  -> (artifact id: 'ed9bb0a844c62e67c4d651b5e2482698') in 0.079660 seconds
Number of updated asset objects reloaded before import = 0
Number of asset objects unloaded after import = 142
========================================================================
Received Import Request.
  Time since last request: 3.100250 seconds.
  path: Assets/Prefabs/Desk 4.prefab
  artifactKey: Guid(fde71bdc5a93e4c4f992bc74c80db89f) Importer(815301076,1909f56bfc062723c751e8b465ee728b)
Start importing Assets/Prefabs/Desk 4.prefab using Guid(fde71bdc5a93e4c4f992bc74c80db89f) Importer(815301076,1909f56bfc062723c751e8b465ee728b)  -> (artifact id: 'cd05724b88786feba9176d5138112916') in 0.085711 seconds
Number of updated asset objects reloaded before import = 0
Number of asset objects unloaded after import = 183
========================================================================
Received Import Request.
  Time since last request: 2.860884 seconds.
  path: Assets/Prefabs/Desk 5.prefab
  artifactKey: Guid(08c7468732504a44cb55fdb955f3e145) Importer(815301076,1909f56bfc062723c751e8b465ee728b)
Start importing Assets/Prefabs/Desk 5.prefab using Guid(08c7468732504a44cb55fdb955f3e145) Importer(815301076,1909f56bfc062723c751e8b465ee728b)  -> (artifact id: 'f2bf24b07e78b16baad46535b60374a9') in 0.076583 seconds
Number of updated asset objects reloaded before import = 0
Number of asset objects unloaded after import = 205
========================================================================
Received Import Request.
  Time since last request: 71.519655 seconds.
  path: Assets/Prefabs/pCylinder25 1.prefab
  artifactKey: Guid(645e0aeb7974b584794228be8aac79f4) Importer(815301076,1909f56bfc062723c751e8b465ee728b)
Start importing Assets/Prefabs/pCylinder25 1.prefab using Guid(645e0aeb7974b584794228be8aac79f4) Importer(815301076,1909f56bfc062723c751e8b465ee728b)  -> (artifact id: '16e95f52a293be4b9950f36e7e1a63e0') in 0.098540 seconds
Number of updated asset objects reloaded before import = 0
Number of asset objects unloaded after import = 209
========================================================================
Received Import Request.
  Time since last request: 137.725763 seconds.
  path: Assets/Prefabs/pCube83 Variant.prefab
  artifactKey: Guid(ab895bd03e151fe438c10d395a4d6d96) Importer(815301076,1909f56bfc062723c751e8b465ee728b)
Start importing Assets/Prefabs/pCube83 Variant.prefab using Guid(ab895bd03e151fe438c10d395a4d6d96) Importer(815301076,1909f56bfc062723c751e8b465ee728b)  -> (artifact id: '52edb8bf3ae01c633ad3a84b8a852b2a') in 0.086731 seconds
Number of updated asset objects reloaded before import = 0
Number of asset objects unloaded after import = 217
========================================================================
Received Import Request.
  Time since last request: 15.431062 seconds.
  path: Assets/Prefabs/pCube86 Variant.prefab
  artifactKey: Guid(d27b9e430871133478d68cc2dda3c4fa) Importer(815301076,1909f56bfc062723c751e8b465ee728b)
Start importing Assets/Prefabs/pCube86 Variant.prefab using Guid(d27b9e430871133478d68cc2dda3c4fa) Importer(815301076,1909f56bfc062723c751e8b465ee728b)  -> (artifact id: '4cffc93c10ec8a9503a26afb2c7f822b') in 0.064858 seconds
Number of updated asset objects reloaded before import = 0
Number of asset objects unloaded after import = 141
========================================================================
Received Import Request.
  Time since last request: 121.670535 seconds.
  path: Assets/Prefabs/pCube84 Variant.prefab
  artifactKey: Guid(82c63a8acb378904fa6d4960e10b0864) Importer(815301076,1909f56bfc062723c751e8b465ee728b)
Start importing Assets/Prefabs/pCube84 Variant.prefab using Guid(82c63a8acb378904fa6d4960e10b0864) Importer(815301076,1909f56bfc062723c751e8b465ee728b)  -> (artifact id: '9789f6e2bd17a1cf8a3059f8191e78f1') in 0.105067 seconds
Number of updated asset objects reloaded before import = 0
Number of asset objects unloaded after import = 182
========================================================================
Received Import Request.
  Time since last request: 8.976584 seconds.
  path: Assets/Prefabs/pCube85 Variant.prefab
  artifactKey: Guid(70a0c14e854700e41add47ebffc2ae48) Importer(815301076,1909f56bfc062723c751e8b465ee728b)
Start importing Assets/Prefabs/pCube85 Variant.prefab using Guid(70a0c14e854700e41add47ebffc2ae48) Importer(815301076,1909f56bfc062723c751e8b465ee728b)  -> (artifact id: '05da6cdeeee7ffcc0ad29c1613c0011c') in 0.106250 seconds
Number of updated asset objects reloaded before import = 0
Number of asset objects unloaded after import = 204
========================================================================
Received Import Request.
  Time since last request: 90.765976 seconds.
  path: Assets/Prefabs/Stappler Mark1 Variant.prefab
  artifactKey: Guid(0809efb53595e444399cea97ccfa3344) Importer(815301076,1909f56bfc062723c751e8b465ee728b)
Start importing Assets/Prefabs/Stappler Mark1 Variant.prefab using Guid(0809efb53595e444399cea97ccfa3344) Importer(815301076,1909f56bfc062723c751e8b465ee728b)  -> (artifact id: 'e406555f4e83d6946b423067b1e7cc52') in 0.011472 seconds
Number of updated asset objects reloaded before import = 0
Number of asset objects unloaded after import = 24
========================================================================
Received Import Request.
  Time since last request: 22.613240 seconds.
  path: Assets/Prefabs/Stappler Mark1.prefab
  artifactKey: Guid(c4751e1c99d3d8948ba20e3668de26d0) Importer(815301076,1909f56bfc062723c751e8b465ee728b)
Start importing Assets/Prefabs/Stappler Mark1.prefab using Guid(c4751e1c99d3d8948ba20e3668de26d0) Importer(815301076,1909f56bfc062723c751e8b465ee728b)  -> (artifact id: '6624a4fc1176881e3d6ae89e5e0d2fbd') in 0.005953 seconds
Number of updated asset objects reloaded before import = 0
Number of asset objects unloaded after import = 16
========================================================================
Received Import Request.
  Time since last request: 361.934787 seconds.
  path: Assets/Prefabs/office2.prefab
  artifactKey: Guid(aeb92041e309e07458f097b747c27e98) Importer(815301076,1909f56bfc062723c751e8b465ee728b)
Start importing Assets/Prefabs/office2.prefab using Guid(aeb92041e309e07458f097b747c27e98) Importer(815301076,1909f56bfc062723c751e8b465ee728b)  -> (artifact id: '0172944f0973f01ec4e17a1a65761141') in 0.039703 seconds
Number of updated asset objects reloaded before import = 0
Number of asset objects unloaded after import = 426
========================================================================
Received Import Request.
  Time since last request: 53.761498 seconds.
  path: Assets/Scenes/Credits.unity
  artifactKey: Guid(387b3b3f29552a24fbe82454ca5a601c) Importer(815301076,1909f56bfc062723c751e8b465ee728b)
Start importing Assets/Scenes/Credits.unity using Guid(387b3b3f29552a24fbe82454ca5a601c) Importer(815301076,1909f56bfc062723c751e8b465ee728b)  -> (artifact id: '23f3a21a843e34b5102b35fab39def96') in 0.000613 seconds
Number of updated asset objects reloaded before import = 0
Number of asset objects unloaded after import = 0
========================================================================
Received Import Request.
  Time since last request: 13.052908 seconds.
  path: Assets/Scenes/Game_Scene.unity
  artifactKey: Guid(da8e7269fabb7b541b9293a2196d3e60) Importer(815301076,1909f56bfc062723c751e8b465ee728b)
Start importing Assets/Scenes/Game_Scene.unity using Guid(da8e7269fabb7b541b9293a2196d3e60) Importer(815301076,1909f56bfc062723c751e8b465ee728b)  -> (artifact id: '38ff3d23fa9a89a69bd7bf15ed453191') in 0.000448 seconds
Number of updated asset objects reloaded before import = 0
Number of asset objects unloaded after import = 0
========================================================================
Received Import Request.
  Time since last request: 96.136435 seconds.
  path: Assets/Scrips/MainMenu.cs
  artifactKey: Guid(9f4c461b8425d774dbabff1654a29ef0) Importer(815301076,1909f56bfc062723c751e8b465ee728b)
Start importing Assets/Scrips/MainMenu.cs using Guid(9f4c461b8425d774dbabff1654a29ef0) Importer(815301076,1909f56bfc062723c751e8b465ee728b)  -> (artifact id: 'd0b36f0ee85e83afae5fa16dc099149c') in 0.000629 seconds
Number of updated asset objects reloaded before import = 0
Number of asset objects unloaded after import = 0
========================================================================
Received Import Request.
  Time since last request: 6.009267 seconds.
  path: Assets/Scrips/SettingsMenu.cs
  artifactKey: Guid(e71d062439017114f8400b2302fa7f9e) Importer(815301076,1909f56bfc062723c751e8b465ee728b)
Start importing Assets/Scrips/SettingsMenu.cs using Guid(e71d062439017114f8400b2302fa7f9e) Importer(815301076,1909f56bfc062723c751e8b465ee728b)  -> (artifact id: 'e6e7edd836eddefd123a051d74c5827d') in 0.000443 seconds
Number of updated asset objects reloaded before import = 0
Number of asset objects unloaded after import = 0
========================================================================
Received Import Request.
  Time since last request: 25.343098 seconds.
  path: Assets/Scenes/Lose_Scene.unity
  artifactKey: Guid(56b7c3832b681e44b9524e741c3efac4) Importer(815301076,1909f56bfc062723c751e8b465ee728b)
Start importing Assets/Scenes/Lose_Scene.unity using Guid(56b7c3832b681e44b9524e741c3efac4) Importer(815301076,1909f56bfc062723c751e8b465ee728b)  -> (artifact id: '1211d49ce1adb6f64fe880b4c947c23f') in 0.000444 seconds
Number of updated asset objects reloaded before import = 0
Number of asset objects unloaded after import = 0
========================================================================
Received Import Request.
  Time since last request: 8.964713 seconds.
  path: Assets/Scenes/Main Menu.unity
  artifactKey: Guid(4423e9c663f4a8e41895d264118ce750) Importer(815301076,1909f56bfc062723c751e8b465ee728b)
Start importing Assets/Scenes/Main Menu.unity using Guid(4423e9c663f4a8e41895d264118ce750) Importer(815301076,1909f56bfc062723c751e8b465ee728b)  -> (artifact id: '450a5075128cc3cec03e936d0c5d7a9e') in 0.000476 seconds
Number of updated asset objects reloaded before import = 0
Number of asset objects unloaded after import = 0
========================================================================
Received Import Request.
  Time since last request: 1.999448 seconds.
  path: Assets/Scenes/Menu_Screen.unity
  artifactKey: Guid(bf35fa7c4600ad14f944e39b75167c04) Importer(815301076,1909f56bfc062723c751e8b465ee728b)
Start importing Assets/Scenes/Menu_Screen.unity using Guid(bf35fa7c4600ad14f944e39b75167c04) Importer(815301076,1909f56bfc062723c751e8b465ee728b)  -> (artifact id: '7f07329e81f00f35e09e2d9d07e1eb1f') in 0.000558 seconds
Number of updated asset objects reloaded before import = 0
Number of asset objects unloaded after import = 0
========================================================================
Received Import Request.
  Time since last request: 4.876432 seconds.
  path: Assets/Scenes/Pause_Menu.unity
  artifactKey: Guid(9734d15dba7db23468eb9d423c02cae7) Importer(815301076,1909f56bfc062723c751e8b465ee728b)
Start importing Assets/Scenes/Pause_Menu.unity using Guid(9734d15dba7db23468eb9d423c02cae7) Importer(815301076,1909f56bfc062723c751e8b465ee728b)  -> (artifact id: 'a91a6bfcad0f966f8d682d005f0e2d7d') in 0.000468 seconds
Number of updated asset objects reloaded before import = 0
Number of asset objects unloaded after import = 0
========================================================================
Received Import Request.
  Time since last request: 13.064016 seconds.
  path: Assets/Scenes/SampleScene.unity
  artifactKey: Guid(9fc0d4010bbf28b4594072e72b8655ab) Importer(815301076,1909f56bfc062723c751e8b465ee728b)
Start importing Assets/Scenes/SampleScene.unity using Guid(9fc0d4010bbf28b4594072e72b8655ab) Importer(815301076,1909f56bfc062723c751e8b465ee728b)  -> (artifact id: 'fafc011d87ca186d57a8361a0eb7bb6a') in 0.000498 seconds
Number of updated asset objects reloaded before import = 0
Number of asset objects unloaded after import = 0
========================================================================
Received Import Request.
  Time since last request: 1.827973 seconds.
  path: Assets/Scenes/Settings_Menu.unity
  artifactKey: Guid(45ce42edc10b7584ab48dee46f7452ed) Importer(815301076,1909f56bfc062723c751e8b465ee728b)
Start importing Assets/Scenes/Settings_Menu.unity using Guid(45ce42edc10b7584ab48dee46f7452ed) Importer(815301076,1909f56bfc062723c751e8b465ee728b)  -> (artifact id: '04e9768e7ca847be8baf0d624fb95fb1') in 0.000452 seconds
Number of updated asset objects reloaded before import = 0
Number of asset objects unloaded after import = 0
========================================================================
Received Import Request.
  Time since last request: 4.264484 seconds.
  path: Assets/Scenes/Win_Scene.unity
  artifactKey: Guid(8b57d70d920a083439bd97f78ace46b2) Importer(815301076,1909f56bfc062723c751e8b465ee728b)
Start importing Assets/Scenes/Win_Scene.unity using Guid(8b57d70d920a083439bd97f78ace46b2) Importer(815301076,1909f56bfc062723c751e8b465ee728b)  -> (artifact id: 'fe18004b94a5a0e84422d6c01095d5d3') in 0.000427 seconds
Number of updated asset objects reloaded before import = 0
Number of asset objects unloaded after import = 0
========================================================================
Received Import Request.
  Time since last request: 9.834253 seconds.
  path: Assets/Scenes/Info scene.unity
  artifactKey: Guid(03ca0fa359dfa714b847d22524380835) Importer(815301076,1909f56bfc062723c751e8b465ee728b)
Start importing Assets/Scenes/Info scene.unity using Guid(03ca0fa359dfa714b847d22524380835) Importer(815301076,1909f56bfc062723c751e8b465ee728b)  -> (artifact id: 'e12e653e1862cf5509d4469a926edb0c') in 0.000467 seconds
Number of updated asset objects reloaded before import = 0
Number of asset objects unloaded after import = 0
========================================================================
Received Import Request.
  Time since last request: 150.002228 seconds.
  path: Assets/Sprites/TitleScreen_.jpg
  artifactKey: Guid(b9ed42c45374a8a46b4af11f310143a2) Importer(815301076,1909f56bfc062723c751e8b465ee728b)
Start importing Assets/Sprites/TitleScreen_.jpg using Guid(b9ed42c45374a8a46b4af11f310143a2) Importer(815301076,1909f56bfc062723c751e8b465ee728b)  -> (artifact id: '0f64e4f26f4ddbc672d598412aff3dcc') in 0.032279 seconds
Number of updated asset objects reloaded before import = 0
Number of asset objects unloaded after import = 3
========================================================================
Received Import Request.
  Time since last request: 6.766460 seconds.
  path: Assets/Sprites/officdbreakdown.png
  artifactKey: Guid(3e27e962a410bfc4cbbceee3fe5a35fb) Importer(815301076,1909f56bfc062723c751e8b465ee728b)
Start importing Assets/Sprites/officdbreakdown.png using Guid(3e27e962a410bfc4cbbceee3fe5a35fb) Importer(815301076,1909f56bfc062723c751e8b465ee728b)  -> (artifact id: 'ce9d02c42422b1ebb1edd1acb63dfbc0') in 0.022580 seconds
Number of updated asset objects reloaded before import = 0
Number of asset objects unloaded after import = 3
========================================================================
Received Import Request.
  Time since last request: 4.788892 seconds.
  path: Assets/Sprites/menuscreen.png
  artifactKey: Guid(86236ed914f3b8445af682a72ad72951) Importer(815301076,1909f56bfc062723c751e8b465ee728b)
Start importing Assets/Sprites/menuscreen.png using Guid(86236ed914f3b8445af682a72ad72951) Importer(815301076,1909f56bfc062723c751e8b465ee728b)  -> (artifact id: '554040e4791b357e08963df325596d41') in 0.019093 seconds
Number of updated asset objects reloaded before import = 0
Number of asset objects unloaded after import = 3
========================================================================
Received Import Request.
  Time since last request: 5.454631 seconds.
  path: Assets/Sprites/controls.png
  artifactKey: Guid(302332931a909214f918a3b28227acd4) Importer(815301076,1909f56bfc062723c751e8b465ee728b)
Start importing Assets/Sprites/controls.png using Guid(302332931a909214f918a3b28227acd4) Importer(815301076,1909f56bfc062723c751e8b465ee728b)  -> (artifact id: '7664fc008614c2dea72489059916295b') in 0.018013 seconds
Number of updated asset objects reloaded before import = 0
Number of asset objects unloaded after import = 3
========================================================================
Received Import Request.
  Time since last request: 4.327929 seconds.
  path: Assets/Sprites/clipboardconcept.png
  artifactKey: Guid(7f0abc8a1d161e549a81c537df7fe419) Importer(815301076,1909f56bfc062723c751e8b465ee728b)
Start importing Assets/Sprites/clipboardconcept.png using Guid(7f0abc8a1d161e549a81c537df7fe419) Importer(815301076,1909f56bfc062723c751e8b465ee728b)  -> (artifact id: 'eb822d81a121776c8451214be8e72770') in 0.017484 seconds
Number of updated asset objects reloaded before import = 0
Number of asset objects unloaded after import = 3
========================================================================
Received Prepare
Begin MonoManager ReloadAssembly
- Loaded All Assemblies, in  0.322 seconds
Refreshing native plugins compatible for Editor in 2.43 ms, found 3 plugins.
Native extension for WindowsStandalone target not found
[Package Manager] Server::EnsureServerProcessIsRunning -- launch failed, reason: Unity was launched with the -noUpm command-line argument
[Package Manager] UpmClient::Send -- Unable to send message (not connected to UPM process).
[Package Manager] Cannot connect to Unity Package Manager local server
Mono: successfully reloaded assembly
- Finished resetting the current domain, in  0.862 seconds
Domain Reload Profiling: 1182ms
	BeginReloadAssembly (116ms)
		ExecutionOrderSort (0ms)
		DisableScriptedObjects (3ms)
		BackupInstance (0ms)
		ReleaseScriptingObjects (0ms)
		CreateAndSetChildDomain (26ms)
	RebuildCommonClasses (23ms)
	RebuildNativeTypeToScriptingClass (8ms)
	initialDomainReloadingComplete (22ms)
	LoadAllAssembliesAndSetupDomain (150ms)
		LoadAssemblies (202ms)
		RebuildTransferFunctionScriptingTraits (0ms)
		AnalyzeDomain (9ms)
			TypeCache.Refresh (4ms)
				TypeCache.ScanAssembly (0ms)
			ScanForSourceGeneratedMonoScriptInfo (0ms)
			ResolveRequiredComponents (3ms)
	FinalizeReload (862ms)
		ReleaseScriptCaches (0ms)
		RebuildScriptCaches (0ms)
		SetupLoadedEditorAssemblies (437ms)
			LogAssemblyErrors (0ms)
			InitializePlatformSupportModulesInManaged (5ms)
			SetLoadedEditorAssemblies (3ms)
			RefreshPlugins (0ms)
			BeforeProcessingInitializeOnLoad (47ms)
			ProcessInitializeOnLoadAttributes (359ms)
			ProcessInitializeOnLoadMethodAttributes (17ms)
			AfterProcessingInitializeOnLoad (5ms)
			EditorAssembliesLoaded (0ms)
		ExecutionOrderSort2 (0ms)
		AwakeInstancesAfterBackupRestoration (5ms)
Refreshing native plugins compatible for Editor in 3.44 ms, found 3 plugins.
Preloading 0 native plugins for Editor in 0.00 ms.
Unloading 3124 Unused Serialized files (Serialized files now loaded: 0)
Unloading 22 unused Assets / (30.2 KB). Loaded Objects now: 3669.
Memory consumption went from 133.5 MB to 133.5 MB.
Total: 2.528100 ms (FindLiveObjects: 0.164900 ms CreateObjectMapping: 0.072100 ms MarkObjects: 2.254600 ms  DeleteObjects: 0.035500 ms)

Prepare: number of updated asset objects reloaded= 0
AssetImportParameters requested are different than current active one (requested -> active):
  custom:container-demuxer-ogg: 62fdf1f143b41e24485cea50d1cbac27 -> 
  custom:video-codec-MediaFoundation-h265: 746d11721c4dcdbdad8f713fa42b33f4 -> 
  custom:video-decoder-ogg-theora: a1e56fd34408186e4bbccfd4996cb3dc -> 
  custom:framework-win-MediaFoundation: 216162199b28c13a410421893ffa2e32 -> 
  custom:CustomObjectIndexerAttribute: 6d391050e5a25f67b0a2c618074f2cd9 -> 
  custom:container-demuxer-webm: 4f35f7cbe854078d1ac9338744f61a02 -> 
  custom:container-muxer-webm: aa71ff27fc2769a1b78a27578f13a17b -> 
  custom:video-decoder-webm-vp8: 9c59270c3fd7afecdb556c50c9e8de78 -> 
  custom:SearchIndexIgnoredProperties: e643bd26f0fe6173181afceb89e7c659 -> 
  custom:AudioImporter_EditorPlatform: d09bf68614088b80899f8185d706f6e7 -> 
  custom:video-encoder-webm-vp8: eb34c28f22e8b96e1ab97ce403110664 -> 
  custom:audio-decoder-ogg-vorbis: bf7c407c2cedff20999df2af8eb42d56 -> 
  custom:audio-encoder-webm-vorbis: bf7c407c2cedff20999df2af8eb42d56 -> 
========================================================================
Received Import Request.
  Time since last request: 89.509918 seconds.
  path: Assets/Scenes/Menu_Screen.unity
  artifactKey: Guid(bf35fa7c4600ad14f944e39b75167c04) Importer(815301076,1909f56bfc062723c751e8b465ee728b)
Start importing Assets/Scenes/Menu_Screen.unity using Guid(bf35fa7c4600ad14f944e39b75167c04) Importer(815301076,1909f56bfc062723c751e8b465ee728b)  -> (artifact id: '58e46d45498c1c53932a42bbc4105858') in 0.002747 seconds
Number of updated asset objects reloaded before import = 0
Number of asset objects unloaded after import = 0
========================================================================
Received Prepare
Begin MonoManager ReloadAssembly
- Loaded All Assemblies, in  0.306 seconds
Refreshing native plugins compatible for Editor in 2.20 ms, found 3 plugins.
Native extension for WindowsStandalone target not found
[Package Manager] Server::EnsureServerProcessIsRunning -- launch failed, reason: Unity was launched with the -noUpm command-line argument
[Package Manager] UpmClient::Send -- Unable to send message (not connected to UPM process).
[Package Manager] Cannot connect to Unity Package Manager local server
Mono: successfully reloaded assembly
- Finished resetting the current domain, in  0.863 seconds
Domain Reload Profiling: 1168ms
	BeginReloadAssembly (113ms)
		ExecutionOrderSort (0ms)
		DisableScriptedObjects (3ms)
		BackupInstance (0ms)
		ReleaseScriptingObjects (0ms)
		CreateAndSetChildDomain (25ms)
	RebuildCommonClasses (21ms)
	RebuildNativeTypeToScriptingClass (7ms)
	initialDomainReloadingComplete (21ms)
	LoadAllAssembliesAndSetupDomain (142ms)
		LoadAssemblies (191ms)
		RebuildTransferFunctionScriptingTraits (0ms)
		AnalyzeDomain (10ms)
			TypeCache.Refresh (5ms)
				TypeCache.ScanAssembly (0ms)
			ScanForSourceGeneratedMonoScriptInfo (0ms)
			ResolveRequiredComponents (3ms)
	FinalizeReload (864ms)
		ReleaseScriptCaches (0ms)
		RebuildScriptCaches (0ms)
		SetupLoadedEditorAssemblies (425ms)
			LogAssemblyErrors (0ms)
			InitializePlatformSupportModulesInManaged (4ms)
			SetLoadedEditorAssemblies (2ms)
			RefreshPlugins (0ms)
			BeforeProcessingInitializeOnLoad (43ms)
			ProcessInitializeOnLoadAttributes (353ms)
			ProcessInitializeOnLoadMethodAttributes (17ms)
			AfterProcessingInitializeOnLoad (5ms)
			EditorAssembliesLoaded (0ms)
		ExecutionOrderSort2 (0ms)
		AwakeInstancesAfterBackupRestoration (6ms)
Refreshing native plugins compatible for Editor in 2.70 ms, found 3 plugins.
Preloading 0 native plugins for Editor in 0.00 ms.
Unloading 3124 Unused Serialized files (Serialized files now loaded: 0)
Unloading 22 unused Assets / (30.2 KB). Loaded Objects now: 3672.
Memory consumption went from 135.5 MB to 135.4 MB.
Total: 2.361800 ms (FindLiveObjects: 0.158800 ms CreateObjectMapping: 0.069900 ms MarkObjects: 2.099300 ms  DeleteObjects: 0.032700 ms)

Prepare: number of updated asset objects reloaded= 0
AssetImportParameters requested are different than current active one (requested -> active):
  custom:container-demuxer-ogg: 62fdf1f143b41e24485cea50d1cbac27 -> 
  custom:video-codec-MediaFoundation-h265: 746d11721c4dcdbdad8f713fa42b33f4 -> 
  custom:video-decoder-ogg-theora: a1e56fd34408186e4bbccfd4996cb3dc -> 
  custom:framework-win-MediaFoundation: 216162199b28c13a410421893ffa2e32 -> 
  custom:CustomObjectIndexerAttribute: 6d391050e5a25f67b0a2c618074f2cd9 -> 
  custom:container-demuxer-webm: 4f35f7cbe854078d1ac9338744f61a02 -> 
  custom:container-muxer-webm: aa71ff27fc2769a1b78a27578f13a17b -> 
  custom:video-decoder-webm-vp8: 9c59270c3fd7afecdb556c50c9e8de78 -> 
  custom:SearchIndexIgnoredProperties: e643bd26f0fe6173181afceb89e7c659 -> 
  custom:AudioImporter_EditorPlatform: d09bf68614088b80899f8185d706f6e7 -> 
  custom:video-encoder-webm-vp8: eb34c28f22e8b96e1ab97ce403110664 -> 
  custom:audio-decoder-ogg-vorbis: bf7c407c2cedff20999df2af8eb42d56 -> 
  custom:audio-encoder-webm-vorbis: bf7c407c2cedff20999df2af8eb42d56 -> 
========================================================================
Received Import Request.
  Time since last request: 243.006345 seconds.
  path: Assets/TextMesh Pro/Examples & Extras/Resources/Fonts & Materials/Anton SDF - Drop Shadow.mat
  artifactKey: Guid(749b9069dc4742c5bfa5c74644049926) Importer(815301076,1909f56bfc062723c751e8b465ee728b)
Start importing Assets/TextMesh Pro/Examples & Extras/Resources/Fonts & Materials/Anton SDF - Drop Shadow.mat using Guid(749b9069dc4742c5bfa5c74644049926) Importer(815301076,1909f56bfc062723c751e8b465ee728b)  -> (artifact id: '0b8caba4f31b40f14789973b9b9f7674') in 0.115308 seconds
Number of updated asset objects reloaded before import = 0
Number of asset objects unloaded after import = 2
========================================================================
Received Import Request.
  Time since last request: 0.810422 seconds.
  path: Assets/TextMesh Pro/Examples & Extras/Resources/Fonts & Materials/Bangers SDF - Drop Shadow.mat
  artifactKey: Guid(f2dcf029949142e28b974630369c8b4e) Importer(815301076,1909f56bfc062723c751e8b465ee728b)
Start importing Assets/TextMesh Pro/Examples & Extras/Resources/Fonts & Materials/Bangers SDF - Drop Shadow.mat using Guid(f2dcf029949142e28b974630369c8b4e) Importer(815301076,1909f56bfc062723c751e8b465ee728b)  -> (artifact id: 'c72ffcd9f185b2ffbb975ab0684c5d13') in 0.013730 seconds
Number of updated asset objects reloaded before import = 0
Number of asset objects unloaded after import = 2
========================================================================
Received Import Request.
  Time since last request: 0.179607 seconds.
  path: Assets/TextMesh Pro/Examples & Extras/Resources/Fonts & Materials/Bangers SDF Glow.mat
  artifactKey: Guid(d75b8f41e959450c84ac6e967084d3e1) Importer(815301076,1909f56bfc062723c751e8b465ee728b)
Start importing Assets/TextMesh Pro/Examples & Extras/Resources/Fonts & Materials/Bangers SDF Glow.mat using Guid(d75b8f41e959450c84ac6e967084d3e1) Importer(815301076,1909f56bfc062723c751e8b465ee728b)  -> (artifact id: '68a8dd90a0c3e8eb9850dd3dc920058c') in 0.069768 seconds
Number of updated asset objects reloaded before import = 0
Number of asset objects unloaded after import = 3
========================================================================
Received Import Request.
  Time since last request: 1.383972 seconds.
  path: Assets/TextMesh Pro/Examples & Extras/Resources/Color Gradient Presets/Blue to Purple - Vertical.asset
  artifactKey: Guid(479a66fa4b094512a62b0a8e553ad95a) Importer(815301076,1909f56bfc062723c751e8b465ee728b)
Start importing Assets/TextMesh Pro/Examples & Extras/Resources/Color Gradient Presets/Blue to Purple - Vertical.asset using Guid(479a66fa4b094512a62b0a8e553ad95a) Importer(815301076,1909f56bfc062723c751e8b465ee728b)  -> (artifact id: '112341085a432de0e3d9e6476f02e610') in 0.005285 seconds
Number of updated asset objects reloaded before import = 0
Number of asset objects unloaded after import = 1
========================================================================
Received Import Request.
  Time since last request: 219.441818 seconds.
  path: Assets/Sprites/TitleScreen_ 1.jpg
  artifactKey: Guid(87f40372c73d0b74791bb6fe5ee082d3) Importer(815301076,1909f56bfc062723c751e8b465ee728b)
Start importing Assets/Sprites/TitleScreen_ 1.jpg using Guid(87f40372c73d0b74791bb6fe5ee082d3) Importer(815301076,1909f56bfc062723c751e8b465ee728b)  -> (artifact id: '98ce325ee892f081766cd4e030907f65') in 0.019744 seconds
Number of updated asset objects reloaded before import = 0
Number of asset objects unloaded after import = 2
========================================================================
Received Import Request.
  Time since last request: 5.993467 seconds.
  path: Assets/Sprites/lose.png
  artifactKey: Guid(7c9f688ace232a943a527591e1d8952c) Importer(815301076,1909f56bfc062723c751e8b465ee728b)
Start importing Assets/Sprites/lose.png using Guid(7c9f688ace232a943a527591e1d8952c) Importer(815301076,1909f56bfc062723c751e8b465ee728b)  -> (artifact id: '03d7f1a28fe0dcb58ac728576b768ffb') in 0.018106 seconds
Number of updated asset objects reloaded before import = 0
Number of asset objects unloaded after import = 2
========================================================================
Received Import Request.
  Time since last request: 7.870021 seconds.
  path: Assets/Sprites/winscreen.png
  artifactKey: Guid(a69d8a41a04ff414fa5a09e12c513b89) Importer(815301076,1909f56bfc062723c751e8b465ee728b)
Start importing Assets/Sprites/winscreen.png using Guid(a69d8a41a04ff414fa5a09e12c513b89) Importer(815301076,1909f56bfc062723c751e8b465ee728b)  -> (artifact id: 'b41829507e7c0775d889c22dd15fb706') in 0.015198 seconds
Number of updated asset objects reloaded before import = 0
Number of asset objects unloaded after import = 2
========================================================================
Received Import Request.
  Time since last request: 11.331345 seconds.
  path: Assets/Sprites/winscreen.png
  artifactKey: Guid(a69d8a41a04ff414fa5a09e12c513b89) Importer(815301076,1909f56bfc062723c751e8b465ee728b)
Start importing Assets/Sprites/winscreen.png using Guid(a69d8a41a04ff414fa5a09e12c513b89) Importer(815301076,1909f56bfc062723c751e8b465ee728b)  -> (artifact id: '9c01219e768b0814c25156e0ed75d6aa') in 0.025399 seconds
Number of updated asset objects reloaded before import = 0
Number of asset objects unloaded after import = 3
========================================================================
Received Import Request.
  Time since last request: 3.656914 seconds.
  path: Assets/Sprites/lose.png
  artifactKey: Guid(7c9f688ace232a943a527591e1d8952c) Importer(815301076,1909f56bfc062723c751e8b465ee728b)
Start importing Assets/Sprites/lose.png using Guid(7c9f688ace232a943a527591e1d8952c) Importer(815301076,1909f56bfc062723c751e8b465ee728b)  -> (artifact id: 'caab0ede57804db120427d12ee7fb1f0') in 0.017881 seconds
Number of updated asset objects reloaded before import = 0
Number of asset objects unloaded after import = 3
========================================================================
Received Import Request.
  Time since last request: 52.219201 seconds.
  path: Assets/Scenes/Menu_Screen.unity
  artifactKey: Guid(bf35fa7c4600ad14f944e39b75167c04) Importer(815301076,1909f56bfc062723c751e8b465ee728b)
Start importing Assets/Scenes/Menu_Screen.unity using Guid(bf35fa7c4600ad14f944e39b75167c04) Importer(815301076,1909f56bfc062723c751e8b465ee728b)  -> (artifact id: '80ad93c61cb1fed42fcfa3cac8fea696') in 0.000494 seconds
Number of updated asset objects reloaded before import = 0
Number of asset objects unloaded after import = 0
========================================================================
Received Prepare
Begin MonoManager ReloadAssembly
- Loaded All Assemblies, in  0.312 seconds
Refreshing native plugins compatible for Editor in 2.65 ms, found 3 plugins.
Native extension for WindowsStandalone target not found
[Package Manager] Server::EnsureServerProcessIsRunning -- launch failed, reason: Unity was launched with the -noUpm command-line argument
[Package Manager] UpmClient::Send -- Unable to send message (not connected to UPM process).
[Package Manager] Cannot connect to Unity Package Manager local server
Mono: successfully reloaded assembly
- Finished resetting the current domain, in  0.821 seconds
Domain Reload Profiling: 1131ms
	BeginReloadAssembly (114ms)
		ExecutionOrderSort (0ms)
		DisableScriptedObjects (4ms)
		BackupInstance (0ms)
		ReleaseScriptingObjects (0ms)
		CreateAndSetChildDomain (26ms)
	RebuildCommonClasses (21ms)
	RebuildNativeTypeToScriptingClass (7ms)
	initialDomainReloadingComplete (21ms)
	LoadAllAssembliesAndSetupDomain (146ms)
		LoadAssemblies (196ms)
		RebuildTransferFunctionScriptingTraits (0ms)
		AnalyzeDomain (8ms)
			TypeCache.Refresh (4ms)
				TypeCache.ScanAssembly (0ms)
			ScanForSourceGeneratedMonoScriptInfo (0ms)
			ResolveRequiredComponents (3ms)
	FinalizeReload (821ms)
		ReleaseScriptCaches (0ms)
		RebuildScriptCaches (0ms)
		SetupLoadedEditorAssemblies (441ms)
			LogAssemblyErrors (0ms)
			InitializePlatformSupportModulesInManaged (5ms)
			SetLoadedEditorAssemblies (3ms)
			RefreshPlugins (0ms)
			BeforeProcessingInitializeOnLoad (44ms)
			ProcessInitializeOnLoadAttributes (366ms)
			ProcessInitializeOnLoadMethodAttributes (19ms)
			AfterProcessingInitializeOnLoad (5ms)
			EditorAssembliesLoaded (0ms)
		ExecutionOrderSort2 (0ms)
		AwakeInstancesAfterBackupRestoration (5ms)
Refreshing native plugins compatible for Editor in 2.77 ms, found 3 plugins.
Preloading 0 native plugins for Editor in 0.00 ms.
Unloading 3124 Unused Serialized files (Serialized files now loaded: 0)
Unloading 22 unused Assets / (30.3 KB). Loaded Objects now: 3676.
Memory consumption went from 137.4 MB to 137.4 MB.
Total: 2.657300 ms (FindLiveObjects: 0.237600 ms CreateObjectMapping: 0.088000 ms MarkObjects: 2.297200 ms  DeleteObjects: 0.033400 ms)

Prepare: number of updated asset objects reloaded= 0
AssetImportParameters requested are different than current active one (requested -> active):
  custom:container-demuxer-ogg: 62fdf1f143b41e24485cea50d1cbac27 -> 
  custom:video-codec-MediaFoundation-h265: 746d11721c4dcdbdad8f713fa42b33f4 -> 
  custom:video-decoder-ogg-theora: a1e56fd34408186e4bbccfd4996cb3dc -> 
  custom:framework-win-MediaFoundation: 216162199b28c13a410421893ffa2e32 -> 
  custom:CustomObjectIndexerAttribute: 6d391050e5a25f67b0a2c618074f2cd9 -> 
  custom:container-demuxer-webm: 4f35f7cbe854078d1ac9338744f61a02 -> 
  custom:container-muxer-webm: aa71ff27fc2769a1b78a27578f13a17b -> 
  custom:video-decoder-webm-vp8: 9c59270c3fd7afecdb556c50c9e8de78 -> 
  custom:SearchIndexIgnoredProperties: e643bd26f0fe6173181afceb89e7c659 -> 
  custom:AudioImporter_EditorPlatform: d09bf68614088b80899f8185d706f6e7 -> 
  custom:video-encoder-webm-vp8: eb34c28f22e8b96e1ab97ce403110664 -> 
  custom:audio-decoder-ogg-vorbis: bf7c407c2cedff20999df2af8eb42d56 -> 
  custom:audio-encoder-webm-vorbis: bf7c407c2cedff20999df2af8eb42d56 -> 
========================================================================
Received Import Request.
  Time since last request: 355.289591 seconds.
  path: Assets/Audio/background noise main menu Audio.mp3
  artifactKey: Guid(9801e5919589d4b40a23c7c99e7664ea) Importer(815301076,1909f56bfc062723c751e8b465ee728b)
Start importing Assets/Audio/background noise main menu Audio.mp3 using Guid(9801e5919589d4b40a23c7c99e7664ea) Importer(815301076,1909f56bfc062723c751e8b465ee728b)  -> (artifact id: '3606908e7331eea27529bae5ac57aca5') in 0.050779 seconds
Number of updated asset objects reloaded before import = 0
Number of asset objects unloaded after import = 2
========================================================================
Received Import Request.
  Time since last request: 35.878845 seconds.
  path: Assets
  artifactKey: Guid(00000000000000001000000000000000) Importer(815301076,1909f56bfc062723c751e8b465ee728b)
Start importing Assets using Guid(00000000000000001000000000000000) Importer(815301076,1909f56bfc062723c751e8b465ee728b)  -> (artifact id: '8a4fe85251aa2e89732c359432baa2c3') in 0.000430 seconds
Number of updated asset objects reloaded before import = 0
Number of asset objects unloaded after import = 0
========================================================================
Received Import Request.
  Time since last request: 5.160871 seconds.
  path: Assets/Meta
  artifactKey: Guid(d36cfc926797c1a4bb525db9816073d2) Importer(815301076,1909f56bfc062723c751e8b465ee728b)
Start importing Assets/Meta using Guid(d36cfc926797c1a4bb525db9816073d2) Importer(815301076,1909f56bfc062723c751e8b465ee728b)  -> (artifact id: '7f373553d61fa451f6ae896960491c10') in 0.000452 seconds
Number of updated asset objects reloaded before import = 0
Number of asset objects unloaded after import = 0
========================================================================
Received Import Request.
  Time since last request: 10.280845 seconds.
  path: Assets/Meta/Main Mixer.mixer
  artifactKey: Guid(877b20d08d5080e448a3ebb6b305b772) Importer(815301076,1909f56bfc062723c751e8b465ee728b)
Start importing Assets/Meta/Main Mixer.mixer using Guid(877b20d08d5080e448a3ebb6b305b772) Importer(815301076,1909f56bfc062723c751e8b465ee728b) Refreshing native plugins compatible for Editor in 2.49 ms, found 3 plugins.
Preloading 0 native plugins for Editor in 0.00 ms.
 -> (artifact id: '06d289ba3a96834b816b1db0fa634195') in 0.004224 seconds
Number of updated asset objects reloaded before import = 0
Number of asset objects unloaded after import = 4
========================================================================
Received Import Request.
  Time since last request: 3.766963 seconds.
  path: Assets/Meta/Menu_Background
  artifactKey: Guid(7f87f325d8384604ca46361a5be27178) Importer(815301076,1909f56bfc062723c751e8b465ee728b)
Start importing Assets/Meta/Menu_Background using Guid(7f87f325d8384604ca46361a5be27178) Importer(815301076,1909f56bfc062723c751e8b465ee728b)  -> (artifact id: '31b86a59b0924f6c944a34d01e193662') in 0.000423 seconds
Number of updated asset objects reloaded before import = 0
Number of asset objects unloaded after import = 0
========================================================================
Received Prepare
Begin MonoManager ReloadAssembly
- Loaded All Assemblies, in  0.320 seconds
Refreshing native plugins compatible for Editor in 2.83 ms, found 3 plugins.
Native extension for WindowsStandalone target not found
[Package Manager] Server::EnsureServerProcessIsRunning -- launch failed, reason: Unity was launched with the -noUpm command-line argument
[Package Manager] UpmClient::Send -- Unable to send message (not connected to UPM process).
[Package Manager] Cannot connect to Unity Package Manager local server
Mono: successfully reloaded assembly
- Finished resetting the current domain, in  0.770 seconds
Domain Reload Profiling: 1088ms
	BeginReloadAssembly (120ms)
		ExecutionOrderSort (0ms)
		DisableScriptedObjects (4ms)
		BackupInstance (0ms)
		ReleaseScriptingObjects (0ms)
		CreateAndSetChildDomain (26ms)
	RebuildCommonClasses (23ms)
	RebuildNativeTypeToScriptingClass (7ms)
	initialDomainReloadingComplete (21ms)
	LoadAllAssembliesAndSetupDomain (146ms)
		LoadAssemblies (195ms)
		RebuildTransferFunctionScriptingTraits (0ms)
		AnalyzeDomain (15ms)
			TypeCache.Refresh (6ms)
				TypeCache.ScanAssembly (0ms)
			ScanForSourceGeneratedMonoScriptInfo (5ms)
			ResolveRequiredComponents (3ms)
	FinalizeReload (770ms)
		ReleaseScriptCaches (0ms)
		RebuildScriptCaches (0ms)
		SetupLoadedEditorAssemblies (366ms)
			LogAssemblyErrors (0ms)
			InitializePlatformSupportModulesInManaged (5ms)
			SetLoadedEditorAssemblies (2ms)
			RefreshPlugins (0ms)
			BeforeProcessingInitializeOnLoad (39ms)
			ProcessInitializeOnLoadAttributes (300ms)
			ProcessInitializeOnLoadMethodAttributes (15ms)
			AfterProcessingInitializeOnLoad (5ms)
			EditorAssembliesLoaded (0ms)
		ExecutionOrderSort2 (0ms)
		AwakeInstancesAfterBackupRestoration (5ms)
Refreshing native plugins compatible for Editor in 2.47 ms, found 3 plugins.
Preloading 0 native plugins for Editor in 0.00 ms.
Unloading 3124 Unused Serialized files (Serialized files now loaded: 0)
Unloading 22 unused Assets / (30.2 KB). Loaded Objects now: 3679.
Memory consumption went from 138.6 MB to 138.5 MB.
Total: 2.167900 ms (FindLiveObjects: 0.151100 ms CreateObjectMapping: 0.063100 ms MarkObjects: 1.921200 ms  DeleteObjects: 0.031200 ms)

Prepare: number of updated asset objects reloaded= 0
AssetImportParameters requested are different than current active one (requested -> active):
  custom:container-demuxer-ogg: 62fdf1f143b41e24485cea50d1cbac27 -> 
  custom:video-codec-MediaFoundation-h265: 746d11721c4dcdbdad8f713fa42b33f4 -> 
  custom:video-decoder-ogg-theora: a1e56fd34408186e4bbccfd4996cb3dc -> 
  custom:framework-win-MediaFoundation: 216162199b28c13a410421893ffa2e32 -> 
  custom:CustomObjectIndexerAttribute: 6d391050e5a25f67b0a2c618074f2cd9 -> 
  custom:container-demuxer-webm: 4f35f7cbe854078d1ac9338744f61a02 -> 
  custom:container-muxer-webm: aa71ff27fc2769a1b78a27578f13a17b -> 
  custom:video-decoder-webm-vp8: 9c59270c3fd7afecdb556c50c9e8de78 -> 
  custom:SearchIndexIgnoredProperties: e643bd26f0fe6173181afceb89e7c659 -> 
  custom:AudioImporter_EditorPlatform: d09bf68614088b80899f8185d706f6e7 -> 
  custom:video-encoder-webm-vp8: eb34c28f22e8b96e1ab97ce403110664 -> 
  custom:audio-decoder-ogg-vorbis: bf7c407c2cedff20999df2af8eb42d56 -> 
  custom:audio-encoder-webm-vorbis: bf7c407c2cedff20999df2af8eb42d56 -> 
========================================================================
Received Prepare
Begin MonoManager ReloadAssembly
- Loaded All Assemblies, in  0.314 seconds
Refreshing native plugins compatible for Editor in 2.12 ms, found 3 plugins.
Native extension for WindowsStandalone target not found
[Package Manager] Server::EnsureServerProcessIsRunning -- launch failed, reason: Unity was launched with the -noUpm command-line argument
[Package Manager] UpmClient::Send -- Unable to send message (not connected to UPM process).
[Package Manager] Cannot connect to Unity Package Manager local server
Mono: successfully reloaded assembly
- Finished resetting the current domain, in  0.708 seconds
Domain Reload Profiling: 1021ms
	BeginReloadAssembly (108ms)
		ExecutionOrderSort (0ms)
		DisableScriptedObjects (4ms)
		BackupInstance (0ms)
		ReleaseScriptingObjects (0ms)
		CreateAndSetChildDomain (22ms)
	RebuildCommonClasses (22ms)
	RebuildNativeTypeToScriptingClass (7ms)
	initialDomainReloadingComplete (20ms)
	LoadAllAssembliesAndSetupDomain (155ms)
		LoadAssemblies (197ms)
		RebuildTransferFunctionScriptingTraits (0ms)
		AnalyzeDomain (15ms)
			TypeCache.Refresh (6ms)
				TypeCache.ScanAssembly (0ms)
			ScanForSourceGeneratedMonoScriptInfo (5ms)
			ResolveRequiredComponents (3ms)
	FinalizeReload (709ms)
		ReleaseScriptCaches (0ms)
		RebuildScriptCaches (0ms)
		SetupLoadedEditorAssemblies (384ms)
			LogAssemblyErrors (0ms)
			InitializePlatformSupportModulesInManaged (4ms)
			SetLoadedEditorAssemblies (2ms)
			RefreshPlugins (0ms)
			BeforeProcessingInitializeOnLoad (39ms)
			ProcessInitializeOnLoadAttributes (315ms)
			ProcessInitializeOnLoadMethodAttributes (17ms)
			AfterProcessingInitializeOnLoad (7ms)
			EditorAssembliesLoaded (0ms)
		ExecutionOrderSort2 (0ms)
		AwakeInstancesAfterBackupRestoration (5ms)
Refreshing native plugins compatible for Editor in 2.28 ms, found 3 plugins.
Preloading 0 native plugins for Editor in 0.00 ms.
Unloading 3124 Unused Serialized files (Serialized files now loaded: 0)
Unloading 22 unused Assets / (30.3 KB). Loaded Objects now: 3682.
Memory consumption went from 140.5 MB to 140.5 MB.
Total: 2.338500 ms (FindLiveObjects: 0.152000 ms CreateObjectMapping: 0.064400 ms MarkObjects: 2.091000 ms  DeleteObjects: 0.030400 ms)

Prepare: number of updated asset objects reloaded= 0
AssetImportParameters requested are different than current active one (requested -> active):
  custom:container-demuxer-ogg: 62fdf1f143b41e24485cea50d1cbac27 -> 
  custom:video-codec-MediaFoundation-h265: 746d11721c4dcdbdad8f713fa42b33f4 -> 
  custom:video-decoder-ogg-theora: a1e56fd34408186e4bbccfd4996cb3dc -> 
  custom:framework-win-MediaFoundation: 216162199b28c13a410421893ffa2e32 -> 
  custom:CustomObjectIndexerAttribute: 6d391050e5a25f67b0a2c618074f2cd9 -> 
  custom:container-demuxer-webm: 4f35f7cbe854078d1ac9338744f61a02 -> 
  custom:container-muxer-webm: aa71ff27fc2769a1b78a27578f13a17b -> 
  custom:video-decoder-webm-vp8: 9c59270c3fd7afecdb556c50c9e8de78 -> 
  custom:SearchIndexIgnoredProperties: e643bd26f0fe6173181afceb89e7c659 -> 
  custom:AudioImporter_EditorPlatform: d09bf68614088b80899f8185d706f6e7 -> 
  custom:video-encoder-webm-vp8: eb34c28f22e8b96e1ab97ce403110664 -> 
  custom:audio-decoder-ogg-vorbis: bf7c407c2cedff20999df2af8eb42d56 -> 
  custom:audio-encoder-webm-vorbis: bf7c407c2cedff20999df2af8eb42d56 -> 
========================================================================
Received Import Request.
  Time since last request: 75.116039 seconds.
  path: Assets/Melody Scene/TextMesh Pro/Sprites
  artifactKey: Guid(a0f67c862e9db3a459ddfc8524fc2046) Importer(815301076,1909f56bfc062723c751e8b465ee728b)
Start importing Assets/Melody Scene/TextMesh Pro/Sprites using Guid(a0f67c862e9db3a459ddfc8524fc2046) Importer(815301076,1909f56bfc062723c751e8b465ee728b)  -> (artifact id: '0e9eb258adf431b78a534fe4925cc696') in 0.002603 seconds
Number of updated asset objects reloaded before import = 0
Number of asset objects unloaded after import = 0
========================================================================
Received Import Request.
  Time since last request: 0.048838 seconds.
  path: Assets/Melody Scene/TextMesh Pro/Sprites/EmojiOne.png
  artifactKey: Guid(ab66ba741f0697c41b5bbf196f875e53) Importer(815301076,1909f56bfc062723c751e8b465ee728b)
Start importing Assets/Melody Scene/TextMesh Pro/Sprites/EmojiOne.png using Guid(ab66ba741f0697c41b5bbf196f875e53) Importer(815301076,1909f56bfc062723c751e8b465ee728b)  -> (artifact id: 'aa5521d707c361dc2c79bb46b9c631eb') in 0.041989 seconds
Number of updated asset objects reloaded before import = 0
Number of asset objects unloaded after import = 2
========================================================================
Received Import Request.
  Time since last request: 4.715246 seconds.
  path: Assets/Melody Scene/TextMesh Pro/Fonts
  artifactKey: Guid(937b0fe07d4134c43b11dcf1abcc80c8) Importer(815301076,1909f56bfc062723c751e8b465ee728b)
Start importing Assets/Melody Scene/TextMesh Pro/Fonts using Guid(937b0fe07d4134c43b11dcf1abcc80c8) Importer(815301076,1909f56bfc062723c751e8b465ee728b)  -> (artifact id: 'c378acc2dcdb857b1ee5e79223b41160') in 0.000468 seconds
Number of updated asset objects reloaded before import = 0
Number of asset objects unloaded after import = 0
========================================================================
Received Import Request.
  Time since last request: 0.084558 seconds.
  path: Assets/Melody Scene/TextMesh Pro/Fonts/LiberationSans.ttf
  artifactKey: Guid(57214ce9d4647d84d95bdc43461b9de8) Importer(815301076,1909f56bfc062723c751e8b465ee728b)
Start importing Assets/Melody Scene/TextMesh Pro/Fonts/LiberationSans.ttf using Guid(57214ce9d4647d84d95bdc43461b9de8) Importer(815301076,1909f56bfc062723c751e8b465ee728b)  -> (artifact id: 'fad1642d90ad8afde14f915bfe0337e2') in 0.042294 seconds
Number of updated asset objects reloaded before import = 0
Number of asset objects unloaded after import = 4
========================================================================
Received Import Request.
  Time since last request: 15.226708 seconds.
  path: Assets/Melody Scene/Menu_Background/controls.png
  artifactKey: Guid(242c066066dbb384bb138b1f61c4a0c9) Importer(815301076,1909f56bfc062723c751e8b465ee728b)
Start importing Assets/Melody Scene/Menu_Background/controls.png using Guid(242c066066dbb384bb138b1f61c4a0c9) Importer(815301076,1909f56bfc062723c751e8b465ee728b)  -> (artifact id: '05d8d55e2277c3146bbc25329e19fb0c') in 0.035605 seconds
Number of updated asset objects reloaded before import = 0
Number of asset objects unloaded after import = 3
========================================================================
Received Import Request.
  Time since last request: 0.000020 seconds.
  path: Assets/Melody Scene/Menu_Background/winscreen.png
  artifactKey: Guid(3d29b914157fac945aeb17e8a08fe56a) Importer(815301076,1909f56bfc062723c751e8b465ee728b)
Start importing Assets/Melody Scene/Menu_Background/winscreen.png using Guid(3d29b914157fac945aeb17e8a08fe56a) Importer(815301076,1909f56bfc062723c751e8b465ee728b)  -> (artifact id: 'f85cdfbc805a6e2dac109b8a2e1fb9db') in 0.024747 seconds
Number of updated asset objects reloaded before import = 0
Number of asset objects unloaded after import = 3
========================================================================
Received Import Request.
  Time since last request: 0.000019 seconds.
  path: Assets/Melody Scene/Menu_Background/menuscreen.png
  artifactKey: Guid(6aeb285702e108e42965b4a0c128242a) Importer(815301076,1909f56bfc062723c751e8b465ee728b)
Start importing Assets/Melody Scene/Menu_Background/menuscreen.png using Guid(6aeb285702e108e42965b4a0c128242a) Importer(815301076,1909f56bfc062723c751e8b465ee728b)  -> (artifact id: '7f22d43993c32366b5d39b4013feed93') in 0.028483 seconds
Number of updated asset objects reloaded before import = 0
Number of asset objects unloaded after import = 3
========================================================================
Received Import Request.
  Time since last request: 59.558942 seconds.
  path: Assets/Melody Scene/Video game Audio/breaking sound effect.mp3
  artifactKey: Guid(e85e42d3b27bae34a92f578fe490fa9f) Importer(815301076,1909f56bfc062723c751e8b465ee728b)
Start importing Assets/Melody Scene/Video game Audio/breaking sound effect.mp3 using Guid(e85e42d3b27bae34a92f578fe490fa9f) Importer(815301076,1909f56bfc062723c751e8b465ee728b)  -> (artifact id: '7b08f43fd7b4b432815620c8c22ae6bf') in 0.008078 seconds
Number of updated asset objects reloaded before import = 0
Number of asset objects unloaded after import = 2
========================================================================
Received Import Request.
  Time since last request: 0.000025 seconds.
  path: Assets/Melody Scene/Video game Audio/Game Audio.mp3
  artifactKey: Guid(ae550910e1aa5714ba9872c0a229d8e1) Importer(815301076,1909f56bfc062723c751e8b465ee728b)
Start importing Assets/Melody Scene/Video game Audio/Game Audio.mp3 using Guid(ae550910e1aa5714ba9872c0a229d8e1) Importer(815301076,1909f56bfc062723c751e8b465ee728b)  -> (artifact id: '4a2a88b2e4a645377a47986e09d8857c') in 0.016106 seconds
Number of updated asset objects reloaded before import = 0
Number of asset objects unloaded after import = 2
========================================================================
Received Import Request.
  Time since last request: 0.000054 seconds.
  path: Assets/Melody Scene/Video game Audio/lose game Audio.mp3
  artifactKey: Guid(ccfe08b1d42139b44a95a4af94bdb382) Importer(815301076,1909f56bfc062723c751e8b465ee728b)
Start importing Assets/Melody Scene/Video game Audio/lose game Audio.mp3 using Guid(ccfe08b1d42139b44a95a4af94bdb382) Importer(815301076,1909f56bfc062723c751e8b465ee728b)  -> (artifact id: '0c3d8b83350bb878765641085dfb67c0') in 0.021237 seconds
Number of updated asset objects reloaded before import = 0
Number of asset objects unloaded after import = 2
========================================================================
Received Import Request.
  Time since last request: 0.000034 seconds.
  path: Assets/Melody Scene/Video game Audio/walking sound effect.mp3
  artifactKey: Guid(6714f0cb34f8052499b2b878c5e4961f) Importer(815301076,1909f56bfc062723c751e8b465ee728b)
Start importing Assets/Melody Scene/Video game Audio/walking sound effect.mp3 using Guid(6714f0cb34f8052499b2b878c5e4961f) Importer(815301076,1909f56bfc062723c751e8b465ee728b)  -> (artifact id: '15aef1f0246445a453764fd8bd0531ee') in 0.024313 seconds
Number of updated asset objects reloaded before import = 0
Number of asset objects unloaded after import = 2
========================================================================
Received Import Request.
  Time since last request: 0.000037 seconds.
  path: Assets/Melody Scene/Video game Audio/crowdpanic Audio.mp3
  artifactKey: Guid(6bc41446a2f32ef4e922a151afc919e3) Importer(815301076,1909f56bfc062723c751e8b465ee728b)
Start importing Assets/Melody Scene/Video game Audio/crowdpanic Audio.mp3 using Guid(6bc41446a2f32ef4e922a151afc919e3) Importer(815301076,1909f56bfc062723c751e8b465ee728b)  -> (artifact id: '5729bb46ec775237a963077add63deff') in 0.014509 seconds
Number of updated asset objects reloaded before import = 0
Number of asset objects unloaded after import = 2
========================================================================
Received Import Request.
  Time since last request: 0.000028 seconds.
  path: Assets/Melody Scene/Video game Audio/office background.mp3
  artifactKey: Guid(cf4e3d640c0e687408890d5a62a37b92) Importer(815301076,1909f56bfc062723c751e8b465ee728b)
Start importing Assets/Melody Scene/Video game Audio/office background.mp3 using Guid(cf4e3d640c0e687408890d5a62a37b92) Importer(815301076,1909f56bfc062723c751e8b465ee728b)  -> (artifact id: '71bc3cf264b86ef0f3c4f110a38641ce') in 0.017045 seconds
Number of updated asset objects reloaded before import = 0
Number of asset objects unloaded after import = 2
Editor requested this worker to shutdown with reason: Scaling down because of idle timeout
TcpMessagingSession - receive error: operation aborted. errorcode: 995, details: The I/O operation has been aborted because of either a thread exit or an application request.
AssetImportWorker is now disconnected from the server
Process exiting
Exiting without the bug reporter. Application will terminate with return code 0